2023-12-18 11:12:141 INFO  HomePage :54 - Clicking on login button : [[ChromeDriver: chrome on windows (03ec9f4eaaca4d74a63c7bebc3e7085d)] -> xpath: //a[normalize-space()='Log in']]
2023-12-18 11:12:249 INFO  HomePage :37 - Getting welcome text : [[ChromeDriver: chrome on windows (03ec9f4eaaca4d74a63c7bebc3e7085d)] -> xpath: //h1[contains(text(),'Welcome, Please Sign In!')]]
2023-12-18 12:12:287 INFO  HomePage :53 - Clicking on login button : [[ChromeDriver: chrome on windows (fc4e4620ae135973cc64900c105004e2)] -> xpath: //a[normalize-space()='Log in']]
2023-12-18 12:12:375 INFO  HomePage :36 - Getting welcome text : [[ChromeDriver: chrome on windows (fc4e4620ae135973cc64900c105004e2)] -> xpath: //h1[normalize-space()='Welcome, Please Sign In!']]
2023-12-18 12:12:893 INFO  HomePage :53 - Clicking on login button : [[ChromeDriver: chrome on windows (7209e8868e6e0661ab548e23cd58e4bc)] -> xpath: //a[normalize-space()='Log in']]
2023-12-18 12:12:980 INFO  HomePage :36 - Getting welcome text : [[ChromeDriver: chrome on windows (7209e8868e6e0661ab548e23cd58e4bc)] -> xpath: //h1[normalize-space()='Welcome, Please Sign In!']]
2023-12-18 12:12:591 INFO  HomePage :53 - Clicking on login button : [[ChromeDriver: chrome on windows (c04d4736056eb2ad68bda126cb9cff51)] -> xpath: //a[normalize-space()='Log in']]
2023-12-18 12:12:827 INFO  HomePage :42 - Entering email : [[ChromeDriver: chrome on windows (c04d4736056eb2ad68bda126cb9cff51)] -> id: Email]
2023-12-18 12:12:77 INFO  HomePage :48 - Entering password : [[ChromeDriver: chrome on windows (c04d4736056eb2ad68bda126cb9cff51)] -> name: Password]
2023-12-18 12:12:494 INFO  HomePage :53 - Clicking on login button : [[ChromeDriver: chrome on windows (c04d4736056eb2ad68bda126cb9cff51)] -> xpath: //a[normalize-space()='Log in']]
2023-12-18 12:12:610 INFO  HomePage :57 - Getting errorMessage : Proxy element for: DefaultElementLocator 'By.xpath: //div[@class='message-error validation-summary-errors']'
2023-12-18 12:12:640 INFO  HomePage :53 - Clicking on login button : [[ChromeDriver: chrome on windows (92764f7efd7c8ce0465aa0a29ffbbb7d)] -> xpath: //a[normalize-space()='Log in']]
2023-12-18 12:12:817 INFO  HomePage :42 - Entering email : [[ChromeDriver: chrome on windows (92764f7efd7c8ce0465aa0a29ffbbb7d)] -> id: Email]
2023-12-18 12:12:83 INFO  HomePage :48 - Entering password : [[ChromeDriver: chrome on windows (92764f7efd7c8ce0465aa0a29ffbbb7d)] -> name: Password]
2023-12-18 12:12:539 INFO  HomePage :53 - Clicking on login button : [[ChromeDriver: chrome on windows (92764f7efd7c8ce0465aa0a29ffbbb7d)] -> xpath: //a[normalize-space()='Log in']]
2023-12-18 12:12:672 INFO  HomePage :57 - Getting errorMessage : Proxy element for: DefaultElementLocator 'By.xpath: //li[normalize-space()='No customer account found']'
2023-12-18 12:12:533 INFO  HomePage :53 - Clicking on login button : [[ChromeDriver: chrome on windows (b800ed49d99f896bae994d4e796de6fa)] -> xpath: //a[normalize-space()='Log in']]
2023-12-18 12:12:827 INFO  HomePage :42 - Entering email : [[ChromeDriver: chrome on windows (b800ed49d99f896bae994d4e796de6fa)] -> id: Email]
2023-12-18 12:12:06 INFO  HomePage :48 - Entering password : [[ChromeDriver: chrome on windows (b800ed49d99f896bae994d4e796de6fa)] -> name: Password]
2023-12-18 12:12:431 INFO  HomePage :53 - Clicking on login button : [[ChromeDriver: chrome on windows (b800ed49d99f896bae994d4e796de6fa)] -> xpath: //a[normalize-space()='Log in']]
2023-12-18 12:12:508 INFO  HomePage :57 - Getting errorMessage : Proxy element for: DefaultElementLocator 'By.xpath: //div[@class='message-error validation-summary-errors']'
2023-12-18 12:12:295 INFO  HomePage :53 - Clicking on login button : [[ChromeDriver: chrome on windows (6985da568db23b6ec6e51e892a7919d9)] -> xpath: //a[normalize-space()='Log in']]
2023-12-18 12:12:752 INFO  HomePage :42 - Entering email : [[ChromeDriver: chrome on windows (6985da568db23b6ec6e51e892a7919d9)] -> id: Email]
2023-12-18 12:12:941 INFO  HomePage :48 - Entering password : [[ChromeDriver: chrome on windows (6985da568db23b6ec6e51e892a7919d9)] -> name: Password]
2023-12-18 12:12:377 INFO  HomePage :53 - Clicking on login button : [[ChromeDriver: chrome on windows (6985da568db23b6ec6e51e892a7919d9)] -> xpath: //a[normalize-space()='Log in']]
2023-12-18 12:12:491 INFO  HomePage :57 - Getting errorMessage : Proxy element for: DefaultElementLocator 'By.xpath: //div[@class='message-error validation-summary-errors']'
2023-12-18 12:12:298 INFO  HomePage :53 - Clicking on login button : [[ChromeDriver: chrome on windows (b22b01f01f159594ed7e19df9f3923f7)] -> xpath: //a[normalize-space()='Log in']]
2023-12-18 12:12:612 INFO  HomePage :42 - Entering email : [[ChromeDriver: chrome on windows (b22b01f01f159594ed7e19df9f3923f7)] -> id: Email]
2023-12-18 12:12:63 INFO  HomePage :48 - Entering password : [[ChromeDriver: chrome on windows (b22b01f01f159594ed7e19df9f3923f7)] -> name: Password]
2023-12-18 12:12:614 INFO  HomePage :53 - Clicking on login button : [[ChromeDriver: chrome on windows (b22b01f01f159594ed7e19df9f3923f7)] -> xpath: //a[normalize-space()='Log in']]
2023-12-18 12:12:738 INFO  HomePage :57 - Getting errorMessage : Proxy element for: DefaultElementLocator 'By.xpath: //div[@class='message-error validation-summary-errors']'
2023-12-18 12:12:689 INFO  HomePage :53 - Clicking on login button : [[ChromeDriver: chrome on windows (ab7968b2e8de104206067716f940f941)] -> xpath: //a[normalize-space()='Log in']]
2023-12-18 12:12:987 INFO  HomePage :42 - Entering email : [[ChromeDriver: chrome on windows (ab7968b2e8de104206067716f940f941)] -> id: Email]
2023-12-18 12:12:172 INFO  HomePage :48 - Entering password : [[ChromeDriver: chrome on windows (ab7968b2e8de104206067716f940f941)] -> name: Password]
2023-12-18 12:12:636 INFO  HomePage :53 - Clicking on login button : [[ChromeDriver: chrome on windows (ab7968b2e8de104206067716f940f941)] -> xpath: //a[normalize-space()='Log in']]
2023-12-18 12:12:703 INFO  HomePage :57 - Getting errorMessage : Proxy element for: DefaultElementLocator 'By.cssSelector: .message-error.validation-summary-errors'
2023-12-18 13:12:576 INFO  HomePage :53 - Clicking on login button : [[ChromeDriver: chrome on windows (49c41782b1e9d0e67ad69a3c0be44584)] -> xpath: //a[normalize-space()='Log in']]
2023-12-18 13:12:34 INFO  HomePage :42 - Entering email : [[ChromeDriver: chrome on windows (49c41782b1e9d0e67ad69a3c0be44584)] -> id: Email]
2023-12-18 13:12:263 INFO  HomePage :48 - Entering password : [[ChromeDriver: chrome on windows (49c41782b1e9d0e67ad69a3c0be44584)] -> name: Password]
2023-12-18 13:12:687 INFO  HomePage :53 - Clicking on login button : [[ChromeDriver: chrome on windows (49c41782b1e9d0e67ad69a3c0be44584)] -> xpath: //a[normalize-space()='Log in']]
2023-12-18 13:12:794 INFO  HomePage :57 - Getting errorMessage : Proxy element for: DefaultElementLocator 'By.xpath: //div[@class='message-error validation-summary-errors']'
2023-12-18 13:12:51 INFO  HomePage :53 - Clicking on login button : [[ChromeDriver: chrome on windows (a53614158d7ffddaea557a9f661adcc2)] -> xpath: //a[normalize-space()='Log in']]
2023-12-18 13:12:328 INFO  HomePage :42 - Entering email : [[ChromeDriver: chrome on windows (a53614158d7ffddaea557a9f661adcc2)] -> id: Email]
2023-12-18 13:12:637 INFO  HomePage :48 - Entering password : [[ChromeDriver: chrome on windows (a53614158d7ffddaea557a9f661adcc2)] -> name: Password]
2023-12-18 13:12:121 INFO  HomePage :53 - Clicking on login button : [[ChromeDriver: chrome on windows (a53614158d7ffddaea557a9f661adcc2)] -> xpath: //a[normalize-space()='Log in']]
2023-12-18 13:12:232 INFO  HomePage :57 - Getting errorMessage : Proxy element for: DefaultElementLocator 'By.xpath: //div[@class='message-error validation-summary-errors']'
2023-12-18 13:12:261 INFO  HomePage :53 - Clicking on login button : [[ChromeDriver: chrome on windows (9a08422479cb36ed7e9fc73466cb6b3f)] -> xpath: //a[normalize-space()='Log in']]
2023-12-18 13:12:604 INFO  HomePage :42 - Entering email : [[ChromeDriver: chrome on windows (9a08422479cb36ed7e9fc73466cb6b3f)] -> id: Email]
2023-12-18 13:12:773 INFO  HomePage :48 - Entering password : [[ChromeDriver: chrome on windows (9a08422479cb36ed7e9fc73466cb6b3f)] -> name: Password]
2023-12-18 13:12:220 INFO  HomePage :53 - Clicking on login button : [[ChromeDriver: chrome on windows (9a08422479cb36ed7e9fc73466cb6b3f)] -> xpath: //a[normalize-space()='Log in']]
2023-12-18 13:12:320 INFO  HomePage :57 - Getting errorMessage : Proxy element for: DefaultElementLocator 'By.xpath: //div[@class='message-error validation-summary-errors']'
2023-12-18 13:12:309 INFO  HomePage :53 - Clicking on login button : [[FirefoxDriver: firefox on windows (01de1cff-99a8-48ff-8134-21cff852a0f0)] -> xpath: //a[normalize-space()='Log in']]
2023-12-18 13:12:642 INFO  HomePage :42 - Entering email : [[FirefoxDriver: firefox on windows (01de1cff-99a8-48ff-8134-21cff852a0f0)] -> id: Email]
2023-12-18 13:12:738 INFO  HomePage :48 - Entering password : [[FirefoxDriver: firefox on windows (01de1cff-99a8-48ff-8134-21cff852a0f0)] -> name: Password]
2023-12-18 13:12:206 INFO  HomePage :53 - Clicking on login button : [[FirefoxDriver: firefox on windows (01de1cff-99a8-48ff-8134-21cff852a0f0)] -> xpath: //a[normalize-space()='Log in']]
2023-12-18 13:12:383 INFO  HomePage :57 - Getting errorMessage : Proxy element for: DefaultElementLocator 'By.xpath: //div[@class='message-error validation-summary-errors']'
2023-12-18 13:12:647 INFO  HomePage :53 - Clicking on login button : [[ChromeDriver: chrome on windows (8cffeb7c0e383ce3de999a99b6ed39df)] -> xpath: //a[normalize-space()='Log in']]
2023-12-18 13:12:875 INFO  HomePage :42 - Entering email : [[ChromeDriver: chrome on windows (8cffeb7c0e383ce3de999a99b6ed39df)] -> id: Email]
2023-12-18 13:12:109 INFO  HomePage :48 - Entering password : [[ChromeDriver: chrome on windows (8cffeb7c0e383ce3de999a99b6ed39df)] -> name: Password]
2023-12-18 13:12:544 INFO  HomePage :53 - Clicking on login button : [[ChromeDriver: chrome on windows (8cffeb7c0e383ce3de999a99b6ed39df)] -> xpath: //a[normalize-space()='Log in']]
2023-12-18 17:12:897 INFO  HomePage :53 - Clicking on login button : [[ChromeDriver: chrome on windows (415bf48de0dc77b7ba4c62c639b8da85)] -> xpath: //a[normalize-space()='Log in']]
2023-12-18 17:12:60 INFO  HomePage :42 - Entering email : [[ChromeDriver: chrome on windows (415bf48de0dc77b7ba4c62c639b8da85)] -> id: Email]
2023-12-18 17:12:176 INFO  HomePage :48 - Entering password : [[ChromeDriver: chrome on windows (415bf48de0dc77b7ba4c62c639b8da85)] -> name: Password]
2023-12-18 17:12:506 INFO  HomePage :53 - Clicking on login button : [[ChromeDriver: chrome on windows (415bf48de0dc77b7ba4c62c639b8da85)] -> xpath: //a[normalize-space()='Log in']]
2023-12-18 17:12:609 INFO  LoginPage :49 - Logout link display : Proxy element for: DefaultElementLocator 'By.xpath: //a[normalize-space()='Log out']'
2023-12-18 17:12:937 INFO  HomePage :53 - Clicking on login button : [[ChromeDriver: chrome on windows (9348adfa846216e6a53c1d208dacd8ac)] -> xpath: //a[normalize-space()='Log in']]
2023-12-18 17:12:112 INFO  HomePage :42 - Entering email : [[ChromeDriver: chrome on windows (9348adfa846216e6a53c1d208dacd8ac)] -> id: Email]
2023-12-18 17:12:222 INFO  HomePage :48 - Entering password : [[ChromeDriver: chrome on windows (9348adfa846216e6a53c1d208dacd8ac)] -> name: Password]
2023-12-18 17:12:570 INFO  HomePage :53 - Clicking on login button : [[ChromeDriver: chrome on windows (9348adfa846216e6a53c1d208dacd8ac)] -> xpath: //a[normalize-space()='Log in']]
2023-12-18 17:12:677 INFO  LoginPage :49 - Logout link display : Proxy element for: DefaultElementLocator 'By.xpath: //a[@class='ico-logout']'
2023-12-18 18:12:534 INFO  HomePage :53 - Clicking on login button : [[ChromeDriver: chrome on windows (ce3eb47d931f5abeb36a8ace2b6a10ea)] -> xpath: //a[normalize-space()='Log in']]
2023-12-18 18:12:848 INFO  HomePage :42 - Entering email : [[ChromeDriver: chrome on windows (ce3eb47d931f5abeb36a8ace2b6a10ea)] -> id: Email]
2023-12-18 18:12:980 INFO  HomePage :48 - Entering password : [[ChromeDriver: chrome on windows (ce3eb47d931f5abeb36a8ace2b6a10ea)] -> name: Password]
2023-12-18 18:12:399 INFO  HomePage :53 - Clicking on login button : [[ChromeDriver: chrome on windows (ce3eb47d931f5abeb36a8ace2b6a10ea)] -> xpath: //a[normalize-space()='Log in']]
2023-12-18 18:12:489 INFO  LoginPage :49 - Logout link display : Proxy element for: DefaultElementLocator 'By.xpath: //a[text()='Log out']'
2023-12-18 18:12:983 INFO  HomePage :53 - Clicking on login button : [[ChromeDriver: chrome on windows (92ddb38a1fcb4d3adaa203ff856b0b0c)] -> xpath: //a[normalize-space()='Log in']]
2023-12-18 18:12:136 INFO  HomePage :42 - Entering email : [[ChromeDriver: chrome on windows (92ddb38a1fcb4d3adaa203ff856b0b0c)] -> id: Email]
2023-12-18 18:12:258 INFO  HomePage :48 - Entering password : [[ChromeDriver: chrome on windows (92ddb38a1fcb4d3adaa203ff856b0b0c)] -> name: Password]
2023-12-18 18:12:614 INFO  HomePage :53 - Clicking on login button : [[ChromeDriver: chrome on windows (92ddb38a1fcb4d3adaa203ff856b0b0c)] -> xpath: //a[normalize-space()='Log in']]
2023-12-18 18:12:728 INFO  LoginPage :49 - Logout link display : Proxy element for: DefaultElementLocator 'By.xpath: //a[text()='Log out']'
2023-12-18 18:12:537 INFO  HomePage :53 - Clicking on login button : [[ChromeDriver: chrome on windows (a9fafac354fc878042fce286ee5be358)] -> xpath: //a[normalize-space()='Log in']]
2023-12-18 18:12:725 INFO  HomePage :42 - Entering email : [[ChromeDriver: chrome on windows (a9fafac354fc878042fce286ee5be358)] -> id: Email]
2023-12-18 18:12:846 INFO  HomePage :48 - Entering password : [[ChromeDriver: chrome on windows (a9fafac354fc878042fce286ee5be358)] -> name: Password]
2023-12-18 18:12:225 INFO  HomePage :53 - Clicking on login button : [[ChromeDriver: chrome on windows (a9fafac354fc878042fce286ee5be358)] -> xpath: //a[normalize-space()='Log in']]
2023-12-18 18:12:48 INFO  HomePage :53 - Clicking on login button : [[ChromeDriver: chrome on windows (fe44558b5b6881683096ebe4424a33ee)] -> xpath: //a[normalize-space()='Log in']]
2023-12-18 18:12:194 INFO  HomePage :42 - Entering email : [[ChromeDriver: chrome on windows (fe44558b5b6881683096ebe4424a33ee)] -> id: Email]
2023-12-18 18:12:321 INFO  HomePage :48 - Entering password : [[ChromeDriver: chrome on windows (fe44558b5b6881683096ebe4424a33ee)] -> name: Password]
2023-12-18 18:12:733 INFO  HomePage :53 - Clicking on login button : [[ChromeDriver: chrome on windows (fe44558b5b6881683096ebe4424a33ee)] -> xpath: //a[normalize-space()='Log in']]
2023-12-18 18:12:833 INFO  LoginPage :49 - Logout link display : Proxy element for: DefaultElementLocator 'By.linkText: Log out'
2023-12-18 19:12:523 INFO  HomePage :37 - Getting welcome text : Proxy element for: DefaultElementLocator 'By.xpath: //h1[normalize-space()='Welcome, Please Sign In!']'
2023-12-18 19:12:596 INFO  HomePage :54 - Clicking on login button : [[ChromeDriver: chrome on windows (93593f6cde753687df6b5a3add41add4)] -> xpath: //a[normalize-space()='Log in']]
2023-12-18 19:12:643 INFO  HomePage :37 - Getting welcome text : [[ChromeDriver: chrome on windows (93593f6cde753687df6b5a3add41add4)] -> xpath: //h1[normalize-space()='Welcome, Please Sign In!']]
2023-12-18 19:12:224 INFO  HomePage :54 - Clicking on login button : [[ChromeDriver: chrome on windows (97b3df0e726569adc88137d4d0b0d06f)] -> xpath: //a[normalize-space()='Log in']]
2023-12-18 19:12:352 INFO  HomePage :43 - Entering email : [[ChromeDriver: chrome on windows (97b3df0e726569adc88137d4d0b0d06f)] -> id: Email]
2023-12-18 19:12:456 INFO  HomePage :49 - Entering password : [[ChromeDriver: chrome on windows (97b3df0e726569adc88137d4d0b0d06f)] -> name: Password]
2023-12-18 19:12:543 INFO  HomePage :58 - Getting login unsuccessful message : Proxy element for: DefaultElementLocator 'By.xpath: //div[@class='message-error validation-summary-errors']'
2023-12-18 19:12:711 INFO  HomePage :54 - Clicking on login button : [[ChromeDriver: chrome on windows (26b980fb85176f1da3315487a124bbbf)] -> xpath: //a[normalize-space()='Log in']]
2023-12-18 19:12:848 INFO  HomePage :43 - Entering email : [[ChromeDriver: chrome on windows (26b980fb85176f1da3315487a124bbbf)] -> id: Email]
2023-12-18 19:12:981 INFO  HomePage :49 - Entering password : [[ChromeDriver: chrome on windows (26b980fb85176f1da3315487a124bbbf)] -> name: Password]
2023-12-18 19:12:339 INFO  HomePage :54 - Clicking on login button : [[ChromeDriver: chrome on windows (26b980fb85176f1da3315487a124bbbf)] -> xpath: //a[normalize-space()='Log in']]
2023-12-18 19:12:438 INFO  HomePage :58 - Getting login unsuccessful message : Proxy element for: DefaultElementLocator 'By.xpath: //div[@class='message-error validation-summary-errors']'
2023-12-18 20:12:571 INFO  HomePage :58 - Clicking on login link : [[ChromeDriver: chrome on windows (ca860819598c4f7f7e3ee23e7d209255)] -> xpath: //a[normalize-space()='Log in']]
2023-12-18 20:12:745 INFO  HomePage :47 - Entering email : [[ChromeDriver: chrome on windows (ca860819598c4f7f7e3ee23e7d209255)] -> id: Email]
2023-12-18 20:12:885 INFO  HomePage :53 - Entering password : [[ChromeDriver: chrome on windows (ca860819598c4f7f7e3ee23e7d209255)] -> name: Password]
2023-12-18 20:12:223 INFO  HomePage :63 - Clicking on login button : [[ChromeDriver: chrome on windows (ca860819598c4f7f7e3ee23e7d209255)] -> xpath: //button[normalize-space()='Log in']]
2023-12-18 20:12:356 INFO  HomePage :67 - Getting login unsuccessful message : [[ChromeDriver: chrome on windows (ca860819598c4f7f7e3ee23e7d209255)] -> xpath: //div[@class='message-error validation-summary-errors']]
2023-12-18 20:12:114 INFO  HomePage :58 - Clicking on login link : [[ChromeDriver: chrome on windows (251a02f93273ccbee2a6b50008a49369)] -> xpath: //a[normalize-space()='Log in']]
2023-12-18 20:12:303 INFO  HomePage :47 - Entering email : [[ChromeDriver: chrome on windows (251a02f93273ccbee2a6b50008a49369)] -> id: Email]
2023-12-18 20:12:462 INFO  HomePage :53 - Entering password : [[ChromeDriver: chrome on windows (251a02f93273ccbee2a6b50008a49369)] -> name: Password]
2023-12-18 20:12:771 INFO  HomePage :63 - Clicking on login button : [[ChromeDriver: chrome on windows (251a02f93273ccbee2a6b50008a49369)] -> xpath: //button[normalize-space()='Log in']]
2023-12-18 20:12:890 INFO  HomePage :67 - Getting login unsuccessful message : [[ChromeDriver: chrome on windows (251a02f93273ccbee2a6b50008a49369)] -> xpath: //div[@class='message-error validation-summary-errors']]
2023-12-18 20:12:756 INFO  HomePage :58 - Clicking on login link : [[ChromeDriver: chrome on windows (9898fdd6ef9307f6f51b23eed07cbe12)] -> xpath: //a[normalize-space()='Log in']]
2023-12-18 20:12:899 INFO  HomePage :47 - Entering email : [[ChromeDriver: chrome on windows (9898fdd6ef9307f6f51b23eed07cbe12)] -> id: Email]
2023-12-18 20:12:36 INFO  HomePage :53 - Entering password : [[ChromeDriver: chrome on windows (9898fdd6ef9307f6f51b23eed07cbe12)] -> name: Password]
2023-12-18 20:12:679 INFO  HomePage :63 - Clicking on login button : [[ChromeDriver: chrome on windows (9898fdd6ef9307f6f51b23eed07cbe12)] -> xpath: //button[normalize-space()='Log in']]
2023-12-18 20:12:711 INFO  LoginPage :53 - Logout link display : [[ChromeDriver: chrome on windows (9898fdd6ef9307f6f51b23eed07cbe12)] -> xpath: //a[normalize-space()='Log out']]
2023-12-18 21:12:537 INFO  HomePage :58 - Clicking on login link : [[ChromeDriver: chrome on windows (638c832904cfff758cbff42c8ec0b841)] -> xpath: //a[normalize-space()='Log in']]
2023-12-18 21:12:730 INFO  HomePage :47 - Entering email : [[ChromeDriver: chrome on windows (638c832904cfff758cbff42c8ec0b841)] -> id: Email]
2023-12-18 21:12:875 INFO  HomePage :53 - Entering password : [[ChromeDriver: chrome on windows (638c832904cfff758cbff42c8ec0b841)] -> name: Password]
2023-12-18 21:12:397 INFO  HomePage :63 - Clicking on login button : [[ChromeDriver: chrome on windows (638c832904cfff758cbff42c8ec0b841)] -> xpath: //button[normalize-space()='Log in']]
2023-12-18 21:12:532 INFO  LoginPage :53 - Logout link display : [[ChromeDriver: chrome on windows (638c832904cfff758cbff42c8ec0b841)] -> xpath: //a[normalize-space()='Log out']]
2023-12-18 21:12:142 INFO  HomePage :58 - Clicking on login link : [[ChromeDriver: chrome on windows (b74802b71f7d17a90178fa5c562f2f78)] -> xpath: //a[normalize-space()='Log in']]
2023-12-18 21:12:269 INFO  HomePage :47 - Entering email : [[ChromeDriver: chrome on windows (b74802b71f7d17a90178fa5c562f2f78)] -> id: Email]
2023-12-18 21:12:380 INFO  HomePage :53 - Entering password : [[ChromeDriver: chrome on windows (b74802b71f7d17a90178fa5c562f2f78)] -> name: Password]
2023-12-18 21:12:757 INFO  HomePage :63 - Clicking on login button : [[ChromeDriver: chrome on windows (b74802b71f7d17a90178fa5c562f2f78)] -> xpath: //button[normalize-space()='Log in']]
2023-12-18 21:12:279 INFO  HomePage :58 - Clicking on login link : [[ChromeDriver: chrome on windows (5d7de27b98f96c877e17a7f58a134568)] -> xpath: //a[normalize-space()='Log in']]
2023-12-18 21:12:454 INFO  HomePage :47 - Entering email : [[ChromeDriver: chrome on windows (5d7de27b98f96c877e17a7f58a134568)] -> id: Email]
2023-12-18 21:12:577 INFO  HomePage :53 - Entering password : [[ChromeDriver: chrome on windows (5d7de27b98f96c877e17a7f58a134568)] -> name: Password]
2023-12-18 21:12:110 INFO  HomePage :63 - Clicking on login button : [[ChromeDriver: chrome on windows (5d7de27b98f96c877e17a7f58a134568)] -> xpath: //button[normalize-space()='Log in']]
2023-12-18 21:12:857 INFO  LoginPage :49 - Click on logout link : [[ChromeDriver: chrome on windows (5d7de27b98f96c877e17a7f58a134568)] -> xpath: //a[normalize-space()='Log out']]
2023-12-18 21:12:892 INFO  LoginPage :61 - Login link display : [[ChromeDriver: chrome on windows (5d7de27b98f96c877e17a7f58a134568)] -> link text: Log in]
2023-12-18 21:12:405 INFO  LoginPage :69 - Clicking on register link : [[ChromeDriver: chrome on windows (0fe758a556da67e84422ad819657bb8a)] -> link text: Register]
2023-12-18 21:12:475 INFO  LoginPage :75 - Getting register text : [[ChromeDriver: chrome on windows (0fe758a556da67e84422ad819657bb8a)] -> css selector: div[class='page-title'] h1]
2023-12-18 22:12:331 INFO  LoginPage :69 - Clicking on register link : [[ChromeDriver: chrome on windows (9f2104e7e8716f23ae29d049e70f98d7)] -> link text: Register]
2023-12-18 22:12:509 INFO  RegisterPage :118 - Clicking on register button : [[ChromeDriver: chrome on windows (9f2104e7e8716f23ae29d049e70f98d7)] -> xpath: //button[@id='register-button']]
2023-12-18 22:12:541 INFO  RegisterPage :127 - Getting error message for firstname field : [[ChromeDriver: chrome on windows (9f2104e7e8716f23ae29d049e70f98d7)] -> id: FirstName-error]
2023-12-18 22:12:598 INFO  RegisterPage :132 - Getting error message for lastname field : [[ChromeDriver: chrome on windows (9f2104e7e8716f23ae29d049e70f98d7)] -> id: LastName-error]
2023-12-18 22:12:654 INFO  RegisterPage :137 - Getting error message for email field : [[ChromeDriver: chrome on windows (9f2104e7e8716f23ae29d049e70f98d7)] -> id: Email-error]
2023-12-18 22:12:695 INFO  RegisterPage :142 - Getting error message for password field : [[ChromeDriver: chrome on windows (9f2104e7e8716f23ae29d049e70f98d7)] -> id: Password-error]
2023-12-18 22:12:736 INFO  RegisterPage :147 - Getting error message for conform password field : [[ChromeDriver: chrome on windows (9f2104e7e8716f23ae29d049e70f98d7)] -> id: ConfirmPassword-error]
2023-12-18 22:12:594 INFO  LoginPage :69 - Clicking on register link : [[ChromeDriver: chrome on windows (0750ef9ff3fae01c7ba98f5782487cd4)] -> link text: Register]
2023-12-18 22:12:710 INFO  RegisterPage :153 - Clicking on male radio button : [[ChromeDriver: chrome on windows (0750ef9ff3fae01c7ba98f5782487cd4)] -> id: gender-female]
2023-12-18 22:12:837 INFO  RegisterPage :93 - Sending text to firstname field : [[ChromeDriver: chrome on windows (0750ef9ff3fae01c7ba98f5782487cd4)] -> xpath: //input[@id='FirstName']]
2023-12-18 22:12:948 INFO  RegisterPage :98 - Sending text to lastname field : [[ChromeDriver: chrome on windows (0750ef9ff3fae01c7ba98f5782487cd4)] -> xpath: //input[@id='LastName']]
2023-12-18 22:12:107 INFO  RegisterPage :158 - Selecting day for DOB : [[ChromeDriver: chrome on windows (0750ef9ff3fae01c7ba98f5782487cd4)] -> xpath: //select[@name='DateOfBirthDay']]
2023-12-18 22:12:213 INFO  RegisterPage :163 - Selecting month for DOB : [[ChromeDriver: chrome on windows (0750ef9ff3fae01c7ba98f5782487cd4)] -> xpath: //select[@name='DateOfBirthMonth']]
2023-12-18 22:12:340 INFO  RegisterPage :168 - Selecting year for DOB : [[ChromeDriver: chrome on windows (0750ef9ff3fae01c7ba98f5782487cd4)] -> xpath: //select[@name='DateOfBirthYear']]
2023-12-18 22:12:452 INFO  RegisterPage :103 - Sending text to email field : [[ChromeDriver: chrome on windows (0750ef9ff3fae01c7ba98f5782487cd4)] -> xpath: //input[@id='Email']]
2023-12-18 22:12:595 INFO  RegisterPage :113 - Sending text to confirm password field : [[ChromeDriver: chrome on windows (0750ef9ff3fae01c7ba98f5782487cd4)] -> xpath: //input[@id='ConfirmPassword']]
2023-12-18 22:12:678 INFO  RegisterPage :118 - Clicking on register button : [[ChromeDriver: chrome on windows (0750ef9ff3fae01c7ba98f5782487cd4)] -> xpath: //button[@id='register-button']]
2023-12-18 22:12:857 INFO  LoginPage :69 - Clicking on register link : [[ChromeDriver: chrome on windows (922ca479ad48578f1f402501ac8b8986)] -> link text: Register]
2023-12-18 22:12:45 INFO  RegisterPage :153 - Clicking on male radio button : [[ChromeDriver: chrome on windows (922ca479ad48578f1f402501ac8b8986)] -> id: gender-female]
2023-12-18 22:12:157 INFO  RegisterPage :93 - Sending text to firstname field : [[ChromeDriver: chrome on windows (922ca479ad48578f1f402501ac8b8986)] -> xpath: //input[@id='FirstName']]
2023-12-18 22:12:251 INFO  RegisterPage :98 - Sending text to lastname field : [[ChromeDriver: chrome on windows (922ca479ad48578f1f402501ac8b8986)] -> xpath: //input[@id='LastName']]
2023-12-18 22:12:415 INFO  RegisterPage :158 - Selecting day for DOB : [[ChromeDriver: chrome on windows (922ca479ad48578f1f402501ac8b8986)] -> xpath: //select[@name='DateOfBirthDay']]
2023-12-18 22:12:551 INFO  RegisterPage :163 - Selecting month for DOB : [[ChromeDriver: chrome on windows (922ca479ad48578f1f402501ac8b8986)] -> xpath: //select[@name='DateOfBirthMonth']]
2023-12-18 22:12:660 INFO  RegisterPage :168 - Selecting year for DOB : [[ChromeDriver: chrome on windows (922ca479ad48578f1f402501ac8b8986)] -> xpath: //select[@name='DateOfBirthYear']]
2023-12-18 22:12:808 INFO  RegisterPage :103 - Sending text to email field : [[ChromeDriver: chrome on windows (922ca479ad48578f1f402501ac8b8986)] -> xpath: //input[@id='Email']]
2023-12-18 22:12:926 INFO  RegisterPage :113 - Sending text to confirm password field : [[ChromeDriver: chrome on windows (922ca479ad48578f1f402501ac8b8986)] -> xpath: //input[@id='ConfirmPassword']]
2023-12-18 22:12:10 INFO  RegisterPage :118 - Clicking on register button : [[ChromeDriver: chrome on windows (922ca479ad48578f1f402501ac8b8986)] -> xpath: //button[@id='register-button']]
2023-12-18 22:12:379 INFO  LoginPage :69 - Clicking on register link : [[ChromeDriver: chrome on windows (0a63dd686450bd929b84552fcd02e823)] -> link text: Register]
2023-12-18 22:12:498 INFO  RegisterPage :153 - Clicking on male radio button : [[ChromeDriver: chrome on windows (0a63dd686450bd929b84552fcd02e823)] -> id: gender-female]
2023-12-18 22:12:629 INFO  RegisterPage :93 - Sending text to firstname field : [[ChromeDriver: chrome on windows (0a63dd686450bd929b84552fcd02e823)] -> xpath: //input[@id='FirstName']]
2023-12-18 22:12:749 INFO  RegisterPage :98 - Sending text to lastname field : [[ChromeDriver: chrome on windows (0a63dd686450bd929b84552fcd02e823)] -> xpath: //input[@id='LastName']]
2023-12-18 22:12:892 INFO  RegisterPage :158 - Selecting day for DOB : [[ChromeDriver: chrome on windows (0a63dd686450bd929b84552fcd02e823)] -> xpath: //select[@name='DateOfBirthDay']]
2023-12-18 22:12:17 INFO  RegisterPage :163 - Selecting month for DOB : [[ChromeDriver: chrome on windows (0a63dd686450bd929b84552fcd02e823)] -> xpath: //select[@name='DateOfBirthMonth']]
2023-12-18 22:12:120 INFO  RegisterPage :168 - Selecting year for DOB : [[ChromeDriver: chrome on windows (0a63dd686450bd929b84552fcd02e823)] -> xpath: //select[@name='DateOfBirthYear']]
2023-12-18 22:12:261 INFO  RegisterPage :103 - Sending text to email field : [[ChromeDriver: chrome on windows (0a63dd686450bd929b84552fcd02e823)] -> xpath: //input[@id='Email']]
2023-12-18 22:12:396 INFO  RegisterPage :113 - Sending text to confirm password field : [[ChromeDriver: chrome on windows (0a63dd686450bd929b84552fcd02e823)] -> xpath: //input[@id='ConfirmPassword']]
2023-12-18 22:12:479 INFO  RegisterPage :118 - Clicking on register button : [[ChromeDriver: chrome on windows (0a63dd686450bd929b84552fcd02e823)] -> xpath: //button[@id='register-button']]
2023-12-18 22:12:111 INFO  RegisterPage :122 - Getting text from confirmation message : Proxy element for: DefaultElementLocator 'By.xpath: //div[@class='result']'
2023-12-18 23:12:82 INFO  LoginPage :39 - Clicking on computer page link : [[ChromeDriver: chrome on windows (02cacdf3f3bf13496f66eb3c808ab4b3)] -> xpath: //ul[@class='top-menu notmobile']//a[normalize-space()='Computers']]
2023-12-18 23:12:161 INFO  LoginPage :25 - Getting Computers Text : [[ChromeDriver: chrome on windows (02cacdf3f3bf13496f66eb3c808ab4b3)] -> xpath: //h1[normalize-space()='Computers']]
2023-12-18 23:12:693 INFO  LoginPage :39 - Clicking on computer page link : [[ChromeDriver: chrome on windows (b75464e2f9d0faffd8c388c4209f1a15)] -> xpath: //ul[@class='top-menu notmobile']//a[normalize-space()='Computers']]
2023-12-18 23:12:216 INFO  LoginPage :31 - Clicking On Desktops menu : [[ChromeDriver: chrome on windows (b75464e2f9d0faffd8c388c4209f1a15)] -> xpath: //li[@class='active last']//a[normalize-space()='Desktops']]
2023-12-18 23:12:247 INFO  LoginPage :26 - Getting Computers Text : [[ChromeDriver: chrome on windows (b75464e2f9d0faffd8c388c4209f1a15)] -> xpath: //h1[normalize-space()='Desktops']]
2023-12-18 23:12:392 INFO  LoginPage :39 - Clicking on computer page link : [[ChromeDriver: chrome on windows (6a532008dd9646ebdfac0b873a53fbce)] -> xpath: //ul[@class='top-menu notmobile']//a[normalize-space()='Computers']]
2023-12-18 23:12:956 INFO  LoginPage :31 - Clicking On Desktops menu : [[ChromeDriver: chrome on windows (6a532008dd9646ebdfac0b873a53fbce)] -> xpath: //li[@class='active last']//a[normalize-space()='Desktops']]
2023-12-18 23:12:472 INFO  LoginPage :32 - Clicking On Build Your Computer link : [[ChromeDriver: chrome on windows (6a532008dd9646ebdfac0b873a53fbce)] -> xpath: //h2[@class='product-title']//a[normalize-space()='Build your own computer']]
2023-12-18 23:12:768 INFO  LoginPage :57 - Selecting processor of build your own computer : [[ChromeDriver: chrome on windows (6a532008dd9646ebdfac0b873a53fbce)] -> id: product_attribute_1]
2023-12-18 23:12:894 INFO  LoginPage :63 - Selecting RAM of build your own computer : [[ChromeDriver: chrome on windows (6a532008dd9646ebdfac0b873a53fbce)] -> id: product_attribute_2]
2023-12-18 23:12:230 INFO  LoginPage :99 - Clicking on add to cart button : [[ChromeDriver: chrome on windows (6a532008dd9646ebdfac0b873a53fbce)] -> xpath: //button[@id='add-to-cart-button-1']]
2023-12-18 23:12:877 INFO  LoginPage :103 - Getting Add to cart success message : [[ChromeDriver: chrome on windows (6a532008dd9646ebdfac0b873a53fbce)] -> xpath: //p[@class= 'content']]
2023-12-18 23:12:107 INFO  LoginPage :39 - Clicking on computer page link : [[ChromeDriver: chrome on windows (089f8115eb031018a0db965c83502799)] -> xpath: //ul[@class='top-menu notmobile']//a[normalize-space()='Computers']]
2023-12-18 23:12:633 INFO  LoginPage :31 - Clicking On Desktops menu : [[ChromeDriver: chrome on windows (089f8115eb031018a0db965c83502799)] -> xpath: //li[@class='active last']//a[normalize-space()='Desktops']]
2023-12-18 23:12:147 INFO  LoginPage :32 - Clicking On Build Your Computer link : [[ChromeDriver: chrome on windows (089f8115eb031018a0db965c83502799)] -> xpath: //h2[@class='product-title']//a[normalize-space()='Build your own computer']]
2023-12-18 23:12:255 INFO  LoginPage :57 - Selecting processor of build your own computer : [[ChromeDriver: chrome on windows (089f8115eb031018a0db965c83502799)] -> id: product_attribute_1]
2023-12-18 23:12:393 INFO  LoginPage :63 - Selecting RAM of build your own computer : [[ChromeDriver: chrome on windows (089f8115eb031018a0db965c83502799)] -> id: product_attribute_2]
2023-12-18 23:12:434 INFO  LoginPage :72 - Selecting HDDRadios of build your own computer : [[ChromeDriver: chrome on windows (089f8115eb031018a0db965c83502799)] -> xpath: //dd[@id='product_attribute_input_3']//li/label]
2023-12-18 23:12:529 INFO  LoginPage :83 - Selecting oSRadios of build your own computer : [[ChromeDriver: chrome on windows (089f8115eb031018a0db965c83502799)] -> xpath: //dd[@id='product_attribute_input_4']//li/label]
2023-12-18 23:12:639 INFO  LoginPage :93 - Selecting software of build your own computer : [[ChromeDriver: chrome on windows (089f8115eb031018a0db965c83502799)] -> xpath: //dd[@id='product_attribute_input_5']//li/label]
2023-12-18 23:12:787 INFO  LoginPage :99 - Clicking on add to cart button : [[ChromeDriver: chrome on windows (089f8115eb031018a0db965c83502799)] -> xpath: //button[@id='add-to-cart-button-1']]
2023-12-18 23:12:20 INFO  LoginPage :103 - Getting Add to cart success message : [[ChromeDriver: chrome on windows (089f8115eb031018a0db965c83502799)] -> xpath: //p[@class= 'content']]
2023-12-18 23:12:605 INFO  LoginPage :39 - Clicking on computer page link : [[ChromeDriver: chrome on windows (8757829693fac8a87f37f960e3aae1af)] -> xpath: //ul[@class='top-menu notmobile']//a[normalize-space()='Computers']]
2023-12-18 23:12:191 INFO  LoginPage :31 - Clicking On Desktops menu : [[ChromeDriver: chrome on windows (8757829693fac8a87f37f960e3aae1af)] -> xpath: //li[@class='active last']//a[normalize-space()='Desktops']]
2023-12-18 23:12:718 INFO  LoginPage :32 - Clicking On Build Your Computer link : [[ChromeDriver: chrome on windows (8757829693fac8a87f37f960e3aae1af)] -> xpath: //h2[@class='product-title']//a[normalize-space()='Build your own computer']]
2023-12-18 23:12:834 INFO  LoginPage :57 - Selecting processor of build your own computer : [[ChromeDriver: chrome on windows (8757829693fac8a87f37f960e3aae1af)] -> id: product_attribute_1]
2023-12-18 23:12:981 INFO  LoginPage :63 - Selecting RAM of build your own computer : [[ChromeDriver: chrome on windows (8757829693fac8a87f37f960e3aae1af)] -> id: product_attribute_2]
2023-12-18 23:12:110 INFO  LoginPage :83 - Selecting oSRadios of build your own computer : [[ChromeDriver: chrome on windows (8757829693fac8a87f37f960e3aae1af)] -> xpath: //dd[@id='product_attribute_input_4']//li/label]
2023-12-18 23:12:121 INFO  LoginPage :83 - Selecting oSRadios of build your own computer : [[ChromeDriver: chrome on windows (8757829693fac8a87f37f960e3aae1af)] -> xpath: //dd[@id='product_attribute_input_4']//li/label]
2023-12-18 23:12:169 INFO  LoginPage :93 - Selecting software of build your own computer : [[ChromeDriver: chrome on windows (8757829693fac8a87f37f960e3aae1af)] -> xpath: //dd[@id='product_attribute_input_5']//li/label]
2023-12-18 23:12:181 INFO  LoginPage :93 - Selecting software of build your own computer : [[ChromeDriver: chrome on windows (8757829693fac8a87f37f960e3aae1af)] -> xpath: //dd[@id='product_attribute_input_5']//li/label]
2023-12-18 23:12:298 INFO  LoginPage :99 - Clicking on add to cart button : [[ChromeDriver: chrome on windows (8757829693fac8a87f37f960e3aae1af)] -> xpath: //button[@id='add-to-cart-button-1']]
2023-12-18 23:12:959 INFO  LoginPage :103 - Getting Add to cart success message : [[ChromeDriver: chrome on windows (8757829693fac8a87f37f960e3aae1af)] -> xpath: //p[@class= 'content']]
2023-12-18 23:12:19 INFO  LoginPage :39 - Clicking on computer page link : [[ChromeDriver: chrome on windows (00b2cb7cccd348c50ec5d0353c7351f5)] -> xpath: //ul[@class='top-menu notmobile']//a[normalize-space()='Computers']]
2023-12-18 23:12:105 INFO  LoginPage :25 - Getting Computers Text : [[ChromeDriver: chrome on windows (00b2cb7cccd348c50ec5d0353c7351f5)] -> xpath: //h1[normalize-space()='Computers']]
2023-12-18 23:12:829 INFO  LoginPage :39 - Clicking on computer page link : [[ChromeDriver: chrome on windows (f7928315358da3719799fe53b669a98d)] -> xpath: //ul[@class='top-menu notmobile']//a[normalize-space()='Computers']]
2023-12-18 23:12:362 INFO  LoginPage :31 - Clicking On Desktops menu : [[ChromeDriver: chrome on windows (f7928315358da3719799fe53b669a98d)] -> xpath: //li[@class='active last']//a[normalize-space()='Desktops']]
2023-12-18 23:12:391 INFO  LoginPage :26 - Getting Computers Text : [[ChromeDriver: chrome on windows (f7928315358da3719799fe53b669a98d)] -> xpath: //h1[normalize-space()='Desktops']]
2023-12-18 23:12:455 INFO  LoginPage :39 - Clicking on computer page link : [[ChromeDriver: chrome on windows (25b69c2a16340bee9b12af8e1888b25f)] -> xpath: //ul[@class='top-menu notmobile']//a[normalize-space()='Computers']]
2023-12-18 23:12:945 INFO  LoginPage :31 - Clicking On Desktops menu : [[ChromeDriver: chrome on windows (25b69c2a16340bee9b12af8e1888b25f)] -> xpath: //li[@class='active last']//a[normalize-space()='Desktops']]
2023-12-18 23:12:421 INFO  LoginPage :32 - Clicking On Build Your Computer link : [[ChromeDriver: chrome on windows (25b69c2a16340bee9b12af8e1888b25f)] -> xpath: //h2[@class='product-title']//a[normalize-space()='Build your own computer']]
2023-12-18 23:12:635 INFO  LoginPage :57 - Selecting processor of build your own computer : [[ChromeDriver: chrome on windows (25b69c2a16340bee9b12af8e1888b25f)] -> id: product_attribute_1]
2023-12-18 23:12:772 INFO  LoginPage :63 - Selecting RAM of build your own computer : [[ChromeDriver: chrome on windows (25b69c2a16340bee9b12af8e1888b25f)] -> id: product_attribute_2]
2023-12-18 23:12:125 INFO  LoginPage :99 - Clicking on add to cart button : [[ChromeDriver: chrome on windows (25b69c2a16340bee9b12af8e1888b25f)] -> xpath: //button[@id='add-to-cart-button-1']]
2023-12-18 23:12:340 INFO  LoginPage :103 - Getting Add to cart success message : [[ChromeDriver: chrome on windows (25b69c2a16340bee9b12af8e1888b25f)] -> xpath: //p[@class= 'content']]
2023-12-18 23:12:519 INFO  LoginPage :39 - Clicking on computer page link : [[ChromeDriver: chrome on windows (3a755e22976ca0d5c9f26edb70afeff3)] -> xpath: //ul[@class='top-menu notmobile']//a[normalize-space()='Computers']]
2023-12-18 23:12:120 INFO  LoginPage :31 - Clicking On Desktops menu : [[ChromeDriver: chrome on windows (3a755e22976ca0d5c9f26edb70afeff3)] -> xpath: //li[@class='active last']//a[normalize-space()='Desktops']]
2023-12-18 23:12:644 INFO  LoginPage :32 - Clicking On Build Your Computer link : [[ChromeDriver: chrome on windows (3a755e22976ca0d5c9f26edb70afeff3)] -> xpath: //h2[@class='product-title']//a[normalize-space()='Build your own computer']]
2023-12-18 23:12:778 INFO  LoginPage :57 - Selecting processor of build your own computer : [[ChromeDriver: chrome on windows (3a755e22976ca0d5c9f26edb70afeff3)] -> id: product_attribute_1]
2023-12-18 23:12:921 INFO  LoginPage :63 - Selecting RAM of build your own computer : [[ChromeDriver: chrome on windows (3a755e22976ca0d5c9f26edb70afeff3)] -> id: product_attribute_2]
2023-12-18 23:12:964 INFO  LoginPage :72 - Selecting HDDRadios of build your own computer : [[ChromeDriver: chrome on windows (3a755e22976ca0d5c9f26edb70afeff3)] -> xpath: //dd[@id='product_attribute_input_3']//li/label]
2023-12-18 23:12:86 INFO  LoginPage :83 - Selecting oSRadios of build your own computer : [[ChromeDriver: chrome on windows (3a755e22976ca0d5c9f26edb70afeff3)] -> xpath: //dd[@id='product_attribute_input_4']//li/label]
2023-12-18 23:12:169 INFO  LoginPage :93 - Selecting software of build your own computer : [[ChromeDriver: chrome on windows (3a755e22976ca0d5c9f26edb70afeff3)] -> xpath: //dd[@id='product_attribute_input_5']//li/label]
2023-12-18 23:12:289 INFO  LoginPage :99 - Clicking on add to cart button : [[ChromeDriver: chrome on windows (3a755e22976ca0d5c9f26edb70afeff3)] -> xpath: //button[@id='add-to-cart-button-1']]
2023-12-18 23:12:950 INFO  LoginPage :103 - Getting Add to cart success message : [[ChromeDriver: chrome on windows (3a755e22976ca0d5c9f26edb70afeff3)] -> xpath: //p[@class= 'content']]
2023-12-18 23:12:233 INFO  LoginPage :39 - Clicking on computer page link : [[ChromeDriver: chrome on windows (8514daa77e2e73c1dfb5100264ccb758)] -> xpath: //ul[@class='top-menu notmobile']//a[normalize-space()='Computers']]
2023-12-18 23:12:824 INFO  LoginPage :31 - Clicking On Desktops menu : [[ChromeDriver: chrome on windows (8514daa77e2e73c1dfb5100264ccb758)] -> xpath: //li[@class='active last']//a[normalize-space()='Desktops']]
2023-12-18 23:12:370 INFO  LoginPage :32 - Clicking On Build Your Computer link : [[ChromeDriver: chrome on windows (8514daa77e2e73c1dfb5100264ccb758)] -> xpath: //h2[@class='product-title']//a[normalize-space()='Build your own computer']]
2023-12-18 23:12:474 INFO  LoginPage :57 - Selecting processor of build your own computer : [[ChromeDriver: chrome on windows (8514daa77e2e73c1dfb5100264ccb758)] -> id: product_attribute_1]
2023-12-18 23:12:629 INFO  LoginPage :63 - Selecting RAM of build your own computer : [[ChromeDriver: chrome on windows (8514daa77e2e73c1dfb5100264ccb758)] -> id: product_attribute_2]
2023-12-18 23:12:752 INFO  LoginPage :83 - Selecting oSRadios of build your own computer : [[ChromeDriver: chrome on windows (8514daa77e2e73c1dfb5100264ccb758)] -> xpath: //dd[@id='product_attribute_input_4']//li/label]
2023-12-18 23:12:763 INFO  LoginPage :83 - Selecting oSRadios of build your own computer : [[ChromeDriver: chrome on windows (8514daa77e2e73c1dfb5100264ccb758)] -> xpath: //dd[@id='product_attribute_input_4']//li/label]
2023-12-18 23:12:801 INFO  LoginPage :93 - Selecting software of build your own computer : [[ChromeDriver: chrome on windows (8514daa77e2e73c1dfb5100264ccb758)] -> xpath: //dd[@id='product_attribute_input_5']//li/label]
2023-12-18 23:12:820 INFO  LoginPage :93 - Selecting software of build your own computer : [[ChromeDriver: chrome on windows (8514daa77e2e73c1dfb5100264ccb758)] -> xpath: //dd[@id='product_attribute_input_5']//li/label]
2023-12-18 23:12:965 INFO  LoginPage :99 - Clicking on add to cart button : [[ChromeDriver: chrome on windows (8514daa77e2e73c1dfb5100264ccb758)] -> xpath: //button[@id='add-to-cart-button-1']]
2023-12-18 23:12:183 INFO  LoginPage :103 - Getting Add to cart success message : [[ChromeDriver: chrome on windows (8514daa77e2e73c1dfb5100264ccb758)] -> xpath: //p[@class= 'content']]
2023-12-18 23:12:806 INFO  HomePage :59 - Clicking on login link : [[ChromeDriver: chrome on windows (467abd6fa150989ae420b799f0c6b2c9)] -> xpath: //a[normalize-space()='Log in']]
2023-12-18 23:12:848 INFO  HomePage :42 - Getting welcome text : [[ChromeDriver: chrome on windows (467abd6fa150989ae420b799f0c6b2c9)] -> xpath: //h1[normalize-space()='Welcome, Please Sign In!']]
2023-12-18 23:12:692 INFO  HomePage :59 - Clicking on login link : [[ChromeDriver: chrome on windows (4efa440691318d23a110ec77b7384eed)] -> xpath: //a[normalize-space()='Log in']]
2023-12-18 23:12:843 INFO  HomePage :48 - Entering email : [[ChromeDriver: chrome on windows (4efa440691318d23a110ec77b7384eed)] -> id: Email]
2023-12-18 23:12:960 INFO  HomePage :54 - Entering password : [[ChromeDriver: chrome on windows (4efa440691318d23a110ec77b7384eed)] -> name: Password]
2023-12-18 23:12:252 INFO  HomePage :64 - Clicking on login button : [[ChromeDriver: chrome on windows (4efa440691318d23a110ec77b7384eed)] -> xpath: //button[normalize-space()='Log in']]
2023-12-18 23:12:367 INFO  HomePage :68 - Getting login unsuccessful message : [[ChromeDriver: chrome on windows (4efa440691318d23a110ec77b7384eed)] -> xpath: //div[@class='message-error validation-summary-errors']]
2023-12-18 23:12:532 INFO  HomePage :59 - Clicking on login link : [[ChromeDriver: chrome on windows (b9227c353f4bc1d1b0557ccd561e2478)] -> xpath: //a[normalize-space()='Log in']]
2023-12-18 23:12:699 INFO  HomePage :48 - Entering email : [[ChromeDriver: chrome on windows (b9227c353f4bc1d1b0557ccd561e2478)] -> id: Email]
2023-12-18 23:12:826 INFO  HomePage :54 - Entering password : [[ChromeDriver: chrome on windows (b9227c353f4bc1d1b0557ccd561e2478)] -> name: Password]
2023-12-18 23:12:397 INFO  HomePage :64 - Clicking on login button : [[ChromeDriver: chrome on windows (b9227c353f4bc1d1b0557ccd561e2478)] -> xpath: //button[normalize-space()='Log in']]
2023-12-18 23:12:516 INFO  LoginPage :53 - Logout link display : [[ChromeDriver: chrome on windows (b9227c353f4bc1d1b0557ccd561e2478)] -> xpath: //a[normalize-space()='Log out']]
2023-12-18 23:12:863 INFO  HomePage :59 - Clicking on login link : [[ChromeDriver: chrome on windows (5ddb868fd371c4eaefe74071fc133348)] -> xpath: //a[normalize-space()='Log in']]
2023-12-18 23:12:22 INFO  HomePage :48 - Entering email : [[ChromeDriver: chrome on windows (5ddb868fd371c4eaefe74071fc133348)] -> id: Email]
2023-12-18 23:12:141 INFO  HomePage :54 - Entering password : [[ChromeDriver: chrome on windows (5ddb868fd371c4eaefe74071fc133348)] -> name: Password]
2023-12-18 23:12:690 INFO  HomePage :64 - Clicking on login button : [[ChromeDriver: chrome on windows (5ddb868fd371c4eaefe74071fc133348)] -> xpath: //button[normalize-space()='Log in']]
2023-12-18 23:12:295 INFO  LoginPage :49 - Click on logout link : [[ChromeDriver: chrome on windows (5ddb868fd371c4eaefe74071fc133348)] -> xpath: //a[normalize-space()='Log out']]
2023-12-18 23:12:339 INFO  LoginPage :61 - Login link display : [[ChromeDriver: chrome on windows (5ddb868fd371c4eaefe74071fc133348)] -> link text: Log in]
2023-12-18 23:12:819 INFO  LoginPage :69 - Clicking on register link : [[ChromeDriver: chrome on windows (8524193261b466b948c037ce14a2b3a3)] -> link text: Register]
2023-12-18 23:12:861 INFO  RegisterPage :87 - Getting welcome message : [[ChromeDriver: chrome on windows (8524193261b466b948c037ce14a2b3a3)] -> xpath: //h1[normalize-space()='Register']]
2023-12-18 23:12:204 INFO  LoginPage :69 - Clicking on register link : [[ChromeDriver: chrome on windows (24f3dc84470e68412143f0369d72bc28)] -> link text: Register]
2023-12-18 23:12:349 INFO  RegisterPage :118 - Clicking on register button : [[ChromeDriver: chrome on windows (24f3dc84470e68412143f0369d72bc28)] -> xpath: //button[@id='register-button']]
2023-12-18 23:12:382 INFO  RegisterPage :127 - Getting error message for firstname field : [[ChromeDriver: chrome on windows (24f3dc84470e68412143f0369d72bc28)] -> id: FirstName-error]
2023-12-18 23:12:426 INFO  RegisterPage :132 - Getting error message for lastname field : [[ChromeDriver: chrome on windows (24f3dc84470e68412143f0369d72bc28)] -> id: LastName-error]
2023-12-18 23:12:466 INFO  RegisterPage :137 - Getting error message for email field : [[ChromeDriver: chrome on windows (24f3dc84470e68412143f0369d72bc28)] -> id: Email-error]
2023-12-18 23:12:502 INFO  RegisterPage :142 - Getting error message for password field : [[ChromeDriver: chrome on windows (24f3dc84470e68412143f0369d72bc28)] -> id: Password-error]
2023-12-18 23:12:535 INFO  RegisterPage :147 - Getting error message for conform password field : [[ChromeDriver: chrome on windows (24f3dc84470e68412143f0369d72bc28)] -> id: ConfirmPassword-error]
2023-12-18 23:12:118 INFO  LoginPage :69 - Clicking on register link : [[ChromeDriver: chrome on windows (35215eb186c5d82525d0e6c67dc7216d)] -> link text: Register]
2023-12-18 23:12:255 INFO  RegisterPage :153 - Clicking on male radio button : [[ChromeDriver: chrome on windows (35215eb186c5d82525d0e6c67dc7216d)] -> id: gender-female]
2023-12-18 23:12:368 INFO  RegisterPage :93 - Sending text to firstname field : [[ChromeDriver: chrome on windows (35215eb186c5d82525d0e6c67dc7216d)] -> xpath: //input[@id='FirstName']]
2023-12-18 23:12:508 INFO  RegisterPage :98 - Sending text to lastname field : [[ChromeDriver: chrome on windows (35215eb186c5d82525d0e6c67dc7216d)] -> xpath: //input[@id='LastName']]
2023-12-18 23:12:675 INFO  RegisterPage :158 - Selecting day for DOB : [[ChromeDriver: chrome on windows (35215eb186c5d82525d0e6c67dc7216d)] -> xpath: //select[@name='DateOfBirthDay']]
2023-12-18 23:12:807 INFO  RegisterPage :163 - Selecting month for DOB : [[ChromeDriver: chrome on windows (35215eb186c5d82525d0e6c67dc7216d)] -> xpath: //select[@name='DateOfBirthMonth']]
2023-12-18 23:12:931 INFO  RegisterPage :168 - Selecting year for DOB : [[ChromeDriver: chrome on windows (35215eb186c5d82525d0e6c67dc7216d)] -> xpath: //select[@name='DateOfBirthYear']]
2023-12-18 23:12:55 INFO  RegisterPage :103 - Sending text to email field : [[ChromeDriver: chrome on windows (35215eb186c5d82525d0e6c67dc7216d)] -> xpath: //input[@id='Email']]
2023-12-18 23:12:165 INFO  RegisterPage :113 - Sending text to confirm password field : [[ChromeDriver: chrome on windows (35215eb186c5d82525d0e6c67dc7216d)] -> xpath: //input[@id='ConfirmPassword']]
2023-12-18 23:12:233 INFO  RegisterPage :118 - Clicking on register button : [[ChromeDriver: chrome on windows (35215eb186c5d82525d0e6c67dc7216d)] -> xpath: //button[@id='register-button']]
2023-12-19 00:12:714 INFO  LoginPage :39 - Clicking on computer page link : [[ChromeDriver: chrome on windows (1fcd379bb9e58e341b400b1c4fb9ace3)] -> xpath: //ul[@class='top-menu notmobile']//a[normalize-space()='Computers']]
2023-12-19 00:12:803 INFO  LoginPage :25 - Getting Computers Text : [[ChromeDriver: chrome on windows (1fcd379bb9e58e341b400b1c4fb9ace3)] -> xpath: //h1[normalize-space()='Computers']]
2023-12-19 00:12:296 INFO  LoginPage :39 - Clicking on computer page link : [[ChromeDriver: chrome on windows (5627d18b087fd06e1fde89ccff6da4ca)] -> xpath: //ul[@class='top-menu notmobile']//a[normalize-space()='Computers']]
2023-12-19 00:12:31 INFO  LoginPage :31 - Clicking On Desktops menu : [[ChromeDriver: chrome on windows (5627d18b087fd06e1fde89ccff6da4ca)] -> xpath: //li[@class='active last']//a[normalize-space()='Desktops']]
2023-12-19 00:12:73 INFO  LoginPage :26 - Getting Computers Text : [[ChromeDriver: chrome on windows (5627d18b087fd06e1fde89ccff6da4ca)] -> xpath: //h1[normalize-space()='Desktops']]
2023-12-19 00:12:22 INFO  LoginPage :39 - Clicking on computer page link : [[ChromeDriver: chrome on windows (77f5a991d7e6f9f454ff19c8b20c53a7)] -> xpath: //ul[@class='top-menu notmobile']//a[normalize-space()='Computers']]
2023-12-19 00:12:675 INFO  LoginPage :31 - Clicking On Desktops menu : [[ChromeDriver: chrome on windows (77f5a991d7e6f9f454ff19c8b20c53a7)] -> xpath: //li[@class='active last']//a[normalize-space()='Desktops']]
2023-12-19 00:12:240 INFO  LoginPage :32 - Clicking On Build Your Computer link : [[ChromeDriver: chrome on windows (77f5a991d7e6f9f454ff19c8b20c53a7)] -> xpath: //h2[@class='product-title']//a[normalize-space()='Build your own computer']]
2023-12-19 00:12:486 INFO  LoginPage :57 - Selecting processor of build your own computer : [[ChromeDriver: chrome on windows (77f5a991d7e6f9f454ff19c8b20c53a7)] -> id: product_attribute_1]
2023-12-19 00:12:630 INFO  LoginPage :63 - Selecting RAM of build your own computer : [[ChromeDriver: chrome on windows (77f5a991d7e6f9f454ff19c8b20c53a7)] -> id: product_attribute_2]
2023-12-19 00:12:112 INFO  LoginPage :99 - Clicking on add to cart button : [[ChromeDriver: chrome on windows (77f5a991d7e6f9f454ff19c8b20c53a7)] -> xpath: //button[@id='add-to-cart-button-1']]
2023-12-19 00:12:355 INFO  LoginPage :103 - Getting Add to cart success message : [[ChromeDriver: chrome on windows (77f5a991d7e6f9f454ff19c8b20c53a7)] -> xpath: //p[@class= 'content']]
2023-12-19 00:12:280 INFO  LoginPage :39 - Clicking on computer page link : [[ChromeDriver: chrome on windows (dd0dd9ad9e5982ce76dcbe01c64207cd)] -> xpath: //ul[@class='top-menu notmobile']//a[normalize-space()='Computers']]
2023-12-19 00:12:862 INFO  LoginPage :31 - Clicking On Desktops menu : [[ChromeDriver: chrome on windows (dd0dd9ad9e5982ce76dcbe01c64207cd)] -> xpath: //li[@class='active last']//a[normalize-space()='Desktops']]
2023-12-19 00:12:415 INFO  LoginPage :32 - Clicking On Build Your Computer link : [[ChromeDriver: chrome on windows (dd0dd9ad9e5982ce76dcbe01c64207cd)] -> xpath: //h2[@class='product-title']//a[normalize-space()='Build your own computer']]
2023-12-19 00:12:568 INFO  LoginPage :57 - Selecting processor of build your own computer : [[ChromeDriver: chrome on windows (dd0dd9ad9e5982ce76dcbe01c64207cd)] -> id: product_attribute_1]
2023-12-19 00:12:734 INFO  LoginPage :63 - Selecting RAM of build your own computer : [[ChromeDriver: chrome on windows (dd0dd9ad9e5982ce76dcbe01c64207cd)] -> id: product_attribute_2]
2023-12-19 00:12:801 INFO  LoginPage :72 - Selecting HDDRadios of build your own computer : [[ChromeDriver: chrome on windows (dd0dd9ad9e5982ce76dcbe01c64207cd)] -> xpath: //dd[@id='product_attribute_input_3']//li/label]
2023-12-19 00:12:926 INFO  LoginPage :83 - Selecting oSRadios of build your own computer : [[ChromeDriver: chrome on windows (dd0dd9ad9e5982ce76dcbe01c64207cd)] -> xpath: //dd[@id='product_attribute_input_4']//li/label]
2023-12-19 00:12:38 INFO  LoginPage :93 - Selecting software of build your own computer : [[ChromeDriver: chrome on windows (dd0dd9ad9e5982ce76dcbe01c64207cd)] -> xpath: //dd[@id='product_attribute_input_5']//li/label]
2023-12-19 00:12:184 INFO  LoginPage :99 - Clicking on add to cart button : [[ChromeDriver: chrome on windows (dd0dd9ad9e5982ce76dcbe01c64207cd)] -> xpath: //button[@id='add-to-cart-button-1']]
2023-12-19 00:12:848 INFO  LoginPage :103 - Getting Add to cart success message : [[ChromeDriver: chrome on windows (dd0dd9ad9e5982ce76dcbe01c64207cd)] -> xpath: //p[@class= 'content']]
2023-12-19 00:12:915 INFO  LoginPage :39 - Clicking on computer page link : [[ChromeDriver: chrome on windows (5dbe73dd68d0468c073d483331a60ca3)] -> xpath: //ul[@class='top-menu notmobile']//a[normalize-space()='Computers']]
2023-12-19 00:12:515 INFO  LoginPage :31 - Clicking On Desktops menu : [[ChromeDriver: chrome on windows (5dbe73dd68d0468c073d483331a60ca3)] -> xpath: //li[@class='active last']//a[normalize-space()='Desktops']]
2023-12-19 00:12:17 INFO  LoginPage :32 - Clicking On Build Your Computer link : [[ChromeDriver: chrome on windows (5dbe73dd68d0468c073d483331a60ca3)] -> xpath: //h2[@class='product-title']//a[normalize-space()='Build your own computer']]
2023-12-19 00:12:128 INFO  LoginPage :57 - Selecting processor of build your own computer : [[ChromeDriver: chrome on windows (5dbe73dd68d0468c073d483331a60ca3)] -> id: product_attribute_1]
2023-12-19 00:12:300 INFO  LoginPage :63 - Selecting RAM of build your own computer : [[ChromeDriver: chrome on windows (5dbe73dd68d0468c073d483331a60ca3)] -> id: product_attribute_2]
2023-12-19 00:12:519 INFO  LoginPage :83 - Selecting oSRadios of build your own computer : [[ChromeDriver: chrome on windows (5dbe73dd68d0468c073d483331a60ca3)] -> xpath: //dd[@id='product_attribute_input_4']//li/label]
2023-12-19 00:12:532 INFO  LoginPage :83 - Selecting oSRadios of build your own computer : [[ChromeDriver: chrome on windows (5dbe73dd68d0468c073d483331a60ca3)] -> xpath: //dd[@id='product_attribute_input_4']//li/label]
2023-12-19 00:12:580 INFO  LoginPage :93 - Selecting software of build your own computer : [[ChromeDriver: chrome on windows (5dbe73dd68d0468c073d483331a60ca3)] -> xpath: //dd[@id='product_attribute_input_5']//li/label]
2023-12-19 00:12:594 INFO  LoginPage :93 - Selecting software of build your own computer : [[ChromeDriver: chrome on windows (5dbe73dd68d0468c073d483331a60ca3)] -> xpath: //dd[@id='product_attribute_input_5']//li/label]
2023-12-19 00:12:746 INFO  LoginPage :99 - Clicking on add to cart button : [[ChromeDriver: chrome on windows (5dbe73dd68d0468c073d483331a60ca3)] -> xpath: //button[@id='add-to-cart-button-1']]
2023-12-19 00:12:361 INFO  LoginPage :103 - Getting Add to cart success message : [[ChromeDriver: chrome on windows (5dbe73dd68d0468c073d483331a60ca3)] -> xpath: //p[@class= 'content']]
2023-12-19 00:12:873 INFO  HomePage :59 - Clicking on login link : [[ChromeDriver: chrome on windows (553dfd577b58760bc117d3e2b251804f)] -> xpath: //a[normalize-space()='Log in']]
2023-12-19 00:12:916 INFO  HomePage :42 - Getting welcome text : [[ChromeDriver: chrome on windows (553dfd577b58760bc117d3e2b251804f)] -> xpath: //h1[normalize-space()='Welcome, Please Sign In!']]
2023-12-19 00:12:348 INFO  HomePage :59 - Clicking on login link : [[ChromeDriver: chrome on windows (66dbaaea84845e7a84ef599f6856cb89)] -> xpath: //a[normalize-space()='Log in']]
2023-12-19 00:12:529 INFO  HomePage :48 - Entering email : [[ChromeDriver: chrome on windows (66dbaaea84845e7a84ef599f6856cb89)] -> id: Email]
2023-12-19 00:12:645 INFO  HomePage :54 - Entering password : [[ChromeDriver: chrome on windows (66dbaaea84845e7a84ef599f6856cb89)] -> name: Password]
2023-12-19 00:12:57 INFO  HomePage :64 - Clicking on login button : [[ChromeDriver: chrome on windows (66dbaaea84845e7a84ef599f6856cb89)] -> xpath: //button[normalize-space()='Log in']]
2023-12-19 00:12:100 INFO  HomePage :68 - Getting login unsuccessful message : [[ChromeDriver: chrome on windows (66dbaaea84845e7a84ef599f6856cb89)] -> xpath: //div[@class='message-error validation-summary-errors']]
2023-12-19 00:12:116 INFO  HomePage :59 - Clicking on login link : [[ChromeDriver: chrome on windows (4d4304d2316a930d789f0e644af7e4ee)] -> xpath: //a[normalize-space()='Log in']]
2023-12-19 00:12:362 INFO  HomePage :48 - Entering email : [[ChromeDriver: chrome on windows (4d4304d2316a930d789f0e644af7e4ee)] -> id: Email]
2023-12-19 00:12:495 INFO  HomePage :54 - Entering password : [[ChromeDriver: chrome on windows (4d4304d2316a930d789f0e644af7e4ee)] -> name: Password]
2023-12-19 00:12:71 INFO  HomePage :64 - Clicking on login button : [[ChromeDriver: chrome on windows (4d4304d2316a930d789f0e644af7e4ee)] -> xpath: //button[normalize-space()='Log in']]
2023-12-19 00:12:222 INFO  LoginPage :53 - Logout link display : [[ChromeDriver: chrome on windows (4d4304d2316a930d789f0e644af7e4ee)] -> xpath: //a[normalize-space()='Log out']]
2023-12-19 00:12:861 INFO  HomePage :59 - Clicking on login link : [[ChromeDriver: chrome on windows (2c174d25a43650ace78d5465f3f41566)] -> xpath: //a[normalize-space()='Log in']]
2023-12-19 00:12:98 INFO  HomePage :48 - Entering email : [[ChromeDriver: chrome on windows (2c174d25a43650ace78d5465f3f41566)] -> id: Email]
2023-12-19 00:12:236 INFO  HomePage :54 - Entering password : [[ChromeDriver: chrome on windows (2c174d25a43650ace78d5465f3f41566)] -> name: Password]
2023-12-19 00:12:881 INFO  HomePage :64 - Clicking on login button : [[ChromeDriver: chrome on windows (2c174d25a43650ace78d5465f3f41566)] -> xpath: //button[normalize-space()='Log in']]
2023-12-19 00:12:578 INFO  LoginPage :49 - Click on logout link : [[ChromeDriver: chrome on windows (2c174d25a43650ace78d5465f3f41566)] -> xpath: //a[normalize-space()='Log out']]
2023-12-19 00:12:654 INFO  LoginPage :61 - Login link display : [[ChromeDriver: chrome on windows (2c174d25a43650ace78d5465f3f41566)] -> link text: Log in]
2023-12-19 00:12:245 INFO  LoginPage :69 - Clicking on register link : [[ChromeDriver: chrome on windows (5aeeeff4616264e0fb68b7c26f6866df)] -> link text: Register]
2023-12-19 00:12:345 INFO  RegisterPage :87 - Getting welcome message : [[ChromeDriver: chrome on windows (5aeeeff4616264e0fb68b7c26f6866df)] -> xpath: //h1[normalize-space()='Register']]
2023-12-19 00:12:863 INFO  LoginPage :69 - Clicking on register link : [[ChromeDriver: chrome on windows (5fb26e4eeb91f0741bd7eadca51a2300)] -> link text: Register]
2023-12-19 00:12:00 INFO  RegisterPage :118 - Clicking on register button : [[ChromeDriver: chrome on windows (5fb26e4eeb91f0741bd7eadca51a2300)] -> xpath: //button[@id='register-button']]
2023-12-19 00:12:76 INFO  RegisterPage :127 - Getting error message for firstname field : [[ChromeDriver: chrome on windows (5fb26e4eeb91f0741bd7eadca51a2300)] -> id: FirstName-error]
2023-12-19 00:12:171 INFO  RegisterPage :132 - Getting error message for lastname field : [[ChromeDriver: chrome on windows (5fb26e4eeb91f0741bd7eadca51a2300)] -> id: LastName-error]
2023-12-19 00:12:215 INFO  RegisterPage :137 - Getting error message for email field : [[ChromeDriver: chrome on windows (5fb26e4eeb91f0741bd7eadca51a2300)] -> id: Email-error]
2023-12-19 00:12:249 INFO  RegisterPage :142 - Getting error message for password field : [[ChromeDriver: chrome on windows (5fb26e4eeb91f0741bd7eadca51a2300)] -> id: Password-error]
2023-12-19 00:12:291 INFO  RegisterPage :147 - Getting error message for conform password field : [[ChromeDriver: chrome on windows (5fb26e4eeb91f0741bd7eadca51a2300)] -> id: ConfirmPassword-error]
2023-12-19 00:12:982 INFO  LoginPage :69 - Clicking on register link : [[ChromeDriver: chrome on windows (5b7f38250deb2e4342627968d8f7a693)] -> link text: Register]
2023-12-19 00:12:325 INFO  RegisterPage :153 - Clicking on male radio button : [[ChromeDriver: chrome on windows (5b7f38250deb2e4342627968d8f7a693)] -> id: gender-female]
2023-12-19 00:12:446 INFO  RegisterPage :93 - Sending text to firstname field : [[ChromeDriver: chrome on windows (5b7f38250deb2e4342627968d8f7a693)] -> xpath: //input[@id='FirstName']]
2023-12-19 00:12:552 INFO  RegisterPage :98 - Sending text to lastname field : [[ChromeDriver: chrome on windows (5b7f38250deb2e4342627968d8f7a693)] -> xpath: //input[@id='LastName']]
2023-12-19 00:12:720 INFO  RegisterPage :158 - Selecting day for DOB : [[ChromeDriver: chrome on windows (5b7f38250deb2e4342627968d8f7a693)] -> xpath: //select[@name='DateOfBirthDay']]
2023-12-19 00:12:875 INFO  RegisterPage :163 - Selecting month for DOB : [[ChromeDriver: chrome on windows (5b7f38250deb2e4342627968d8f7a693)] -> xpath: //select[@name='DateOfBirthMonth']]
2023-12-19 00:12:00 INFO  RegisterPage :168 - Selecting year for DOB : [[ChromeDriver: chrome on windows (5b7f38250deb2e4342627968d8f7a693)] -> xpath: //select[@name='DateOfBirthYear']]
2023-12-19 00:12:193 INFO  RegisterPage :103 - Sending text to email field : [[ChromeDriver: chrome on windows (5b7f38250deb2e4342627968d8f7a693)] -> xpath: //input[@id='Email']]
2023-12-19 00:12:313 INFO  RegisterPage :108 - Sending text to password field : [[ChromeDriver: chrome on windows (5b7f38250deb2e4342627968d8f7a693)] -> xpath: //input[@id='Password']]
2023-12-19 00:12:434 INFO  RegisterPage :113 - Sending text to confirm password field : [[ChromeDriver: chrome on windows (5b7f38250deb2e4342627968d8f7a693)] -> xpath: //input[@id='ConfirmPassword']]
2023-12-19 00:12:57 INFO  RegisterPage :118 - Clicking on register button : [[ChromeDriver: chrome on windows (5b7f38250deb2e4342627968d8f7a693)] -> xpath: //button[@id='register-button']]
2023-12-19 00:12:86 INFO  RegisterPage :122 - Getting text from confirmation message : [[ChromeDriver: chrome on windows (5b7f38250deb2e4342627968d8f7a693)] -> xpath: //div[@class='result']]
2023-12-19 13:12:822 INFO  LoginPage :39 - Clicking on computer page link : [[ChromeDriver: chrome on windows (5b54e799bebff7eff1188e123d3e7d22)] -> xpath: //ul[@class='top-menu notmobile']//a[normalize-space()='Computers']]
2023-12-19 13:12:328 INFO  LoginPage :25 - Getting Computers Text : [[ChromeDriver: chrome on windows (5b54e799bebff7eff1188e123d3e7d22)] -> xpath: //h1[normalize-space()='Computers']]
2023-12-19 13:12:779 INFO  LoginPage :39 - Clicking on computer page link : [[ChromeDriver: chrome on windows (0abff3dfca3b97a1ac0f6ac67df88274)] -> xpath: //ul[@class='top-menu notmobile']//a[normalize-space()='Computers']]
2023-12-19 13:12:108 INFO  LoginPage :31 - Clicking On Desktops menu : [[ChromeDriver: chrome on windows (0abff3dfca3b97a1ac0f6ac67df88274)] -> xpath: //li[@class='active last']//a[normalize-space()='Desktops']]
2023-12-19 13:12:174 INFO  LoginPage :26 - Getting Computers Text : [[ChromeDriver: chrome on windows (0abff3dfca3b97a1ac0f6ac67df88274)] -> xpath: //h1[normalize-space()='Desktops']]
2023-12-19 13:12:335 INFO  LoginPage :39 - Clicking on computer page link : [[ChromeDriver: chrome on windows (60870a360326b0714985e88cdee95e60)] -> xpath: //ul[@class='top-menu notmobile']//a[normalize-space()='Computers']]
2023-12-19 13:12:840 INFO  LoginPage :31 - Clicking On Desktops menu : [[ChromeDriver: chrome on windows (60870a360326b0714985e88cdee95e60)] -> xpath: //li[@class='active last']//a[normalize-space()='Desktops']]
2023-12-19 13:12:153 INFO  LoginPage :32 - Clicking On Build Your Computer link : [[ChromeDriver: chrome on windows (60870a360326b0714985e88cdee95e60)] -> xpath: //h2[@class='product-title']//a[normalize-space()='Build your own computer']]
2023-12-19 13:12:859 INFO  LoginPage :57 - Selecting processor of build your own computer : [[ChromeDriver: chrome on windows (60870a360326b0714985e88cdee95e60)] -> id: product_attribute_1]
2023-12-19 13:12:285 INFO  LoginPage :63 - Selecting RAM of build your own computer : [[ChromeDriver: chrome on windows (60870a360326b0714985e88cdee95e60)] -> id: product_attribute_2]
2023-12-19 13:12:140 INFO  LoginPage :99 - Clicking on add to cart button : [[ChromeDriver: chrome on windows (60870a360326b0714985e88cdee95e60)] -> xpath: //button[@id='add-to-cart-button-1']]
2023-12-19 13:12:435 INFO  LoginPage :103 - Getting Add to cart success message : [[ChromeDriver: chrome on windows (60870a360326b0714985e88cdee95e60)] -> xpath: //p[@class= 'content']]
2023-12-19 13:12:924 INFO  LoginPage :39 - Clicking on computer page link : [[ChromeDriver: chrome on windows (1085e0625ea51d93f7769c6ebbdd3166)] -> xpath: //ul[@class='top-menu notmobile']//a[normalize-space()='Computers']]
2023-12-19 13:12:700 INFO  LoginPage :31 - Clicking On Desktops menu : [[ChromeDriver: chrome on windows (1085e0625ea51d93f7769c6ebbdd3166)] -> xpath: //li[@class='active last']//a[normalize-space()='Desktops']]
2023-12-19 13:12:836 INFO  LoginPage :32 - Clicking On Build Your Computer link : [[ChromeDriver: chrome on windows (1085e0625ea51d93f7769c6ebbdd3166)] -> xpath: //h2[@class='product-title']//a[normalize-space()='Build your own computer']]
2023-12-19 13:12:110 INFO  LoginPage :57 - Selecting processor of build your own computer : [[ChromeDriver: chrome on windows (1085e0625ea51d93f7769c6ebbdd3166)] -> id: product_attribute_1]
2023-12-19 13:12:438 INFO  LoginPage :63 - Selecting RAM of build your own computer : [[ChromeDriver: chrome on windows (1085e0625ea51d93f7769c6ebbdd3166)] -> id: product_attribute_2]
2023-12-19 13:12:538 INFO  LoginPage :72 - Selecting HDDRadios of build your own computer : [[ChromeDriver: chrome on windows (1085e0625ea51d93f7769c6ebbdd3166)] -> xpath: //dd[@id='product_attribute_input_3']//li/label]
2023-12-19 13:12:768 INFO  LoginPage :83 - Selecting oSRadios of build your own computer : [[ChromeDriver: chrome on windows (1085e0625ea51d93f7769c6ebbdd3166)] -> xpath: //dd[@id='product_attribute_input_4']//li/label]
2023-12-19 13:12:988 INFO  LoginPage :93 - Selecting software of build your own computer : [[ChromeDriver: chrome on windows (1085e0625ea51d93f7769c6ebbdd3166)] -> xpath: //dd[@id='product_attribute_input_5']//li/label]
2023-12-19 13:12:333 INFO  LoginPage :99 - Clicking on add to cart button : [[ChromeDriver: chrome on windows (1085e0625ea51d93f7769c6ebbdd3166)] -> xpath: //button[@id='add-to-cart-button-1']]
2023-12-19 13:12:664 INFO  LoginPage :103 - Getting Add to cart success message : [[ChromeDriver: chrome on windows (1085e0625ea51d93f7769c6ebbdd3166)] -> xpath: //p[@class= 'content']]
2023-12-19 13:12:635 INFO  LoginPage :39 - Clicking on computer page link : [[ChromeDriver: chrome on windows (f6a2f0db71c708978d1e093715a91a54)] -> xpath: //ul[@class='top-menu notmobile']//a[normalize-space()='Computers']]
2023-12-19 13:12:72 INFO  LoginPage :31 - Clicking On Desktops menu : [[ChromeDriver: chrome on windows (f6a2f0db71c708978d1e093715a91a54)] -> xpath: //li[@class='active last']//a[normalize-space()='Desktops']]
2023-12-19 13:12:369 INFO  LoginPage :32 - Clicking On Build Your Computer link : [[ChromeDriver: chrome on windows (f6a2f0db71c708978d1e093715a91a54)] -> xpath: //h2[@class='product-title']//a[normalize-space()='Build your own computer']]
2023-12-19 13:12:716 INFO  LoginPage :57 - Selecting processor of build your own computer : [[ChromeDriver: chrome on windows (f6a2f0db71c708978d1e093715a91a54)] -> id: product_attribute_1]
2023-12-19 13:12:74 INFO  LoginPage :63 - Selecting RAM of build your own computer : [[ChromeDriver: chrome on windows (f6a2f0db71c708978d1e093715a91a54)] -> id: product_attribute_2]
2023-12-19 13:12:431 INFO  LoginPage :83 - Selecting oSRadios of build your own computer : [[ChromeDriver: chrome on windows (f6a2f0db71c708978d1e093715a91a54)] -> xpath: //dd[@id='product_attribute_input_4']//li/label]
2023-12-19 13:12:463 INFO  LoginPage :83 - Selecting oSRadios of build your own computer : [[ChromeDriver: chrome on windows (f6a2f0db71c708978d1e093715a91a54)] -> xpath: //dd[@id='product_attribute_input_4']//li/label]
2023-12-19 13:12:544 INFO  LoginPage :93 - Selecting software of build your own computer : [[ChromeDriver: chrome on windows (f6a2f0db71c708978d1e093715a91a54)] -> xpath: //dd[@id='product_attribute_input_5']//li/label]
2023-12-19 13:12:569 INFO  LoginPage :93 - Selecting software of build your own computer : [[ChromeDriver: chrome on windows (f6a2f0db71c708978d1e093715a91a54)] -> xpath: //dd[@id='product_attribute_input_5']//li/label]
2023-12-19 13:12:903 INFO  LoginPage :99 - Clicking on add to cart button : [[ChromeDriver: chrome on windows (f6a2f0db71c708978d1e093715a91a54)] -> xpath: //button[@id='add-to-cart-button-1']]
2023-12-19 13:12:215 INFO  LoginPage :103 - Getting Add to cart success message : [[ChromeDriver: chrome on windows (f6a2f0db71c708978d1e093715a91a54)] -> xpath: //p[@class= 'content']]
2023-12-19 13:12:646 INFO  HomePage :59 - Clicking on login link : [[ChromeDriver: chrome on windows (a9a942315119daf7fc60e5b3b3bdba82)] -> xpath: //a[normalize-space()='Log in']]
2023-12-19 13:12:786 INFO  HomePage :42 - Getting welcome text : [[ChromeDriver: chrome on windows (a9a942315119daf7fc60e5b3b3bdba82)] -> xpath: //h1[normalize-space()='Welcome, Please Sign In!']]
2023-12-19 13:12:693 INFO  HomePage :59 - Clicking on login link : [[ChromeDriver: chrome on windows (2d19ff61ca337f90f9eafa74344475b9)] -> xpath: //a[normalize-space()='Log in']]
2023-12-19 13:12:333 INFO  HomePage :48 - Entering email : [[ChromeDriver: chrome on windows (2d19ff61ca337f90f9eafa74344475b9)] -> id: Email]
2023-12-19 13:12:640 INFO  HomePage :54 - Entering password : [[ChromeDriver: chrome on windows (2d19ff61ca337f90f9eafa74344475b9)] -> name: Password]
2023-12-19 13:12:190 INFO  HomePage :64 - Clicking on login button : [[ChromeDriver: chrome on windows (2d19ff61ca337f90f9eafa74344475b9)] -> xpath: //button[normalize-space()='Log in']]
2023-12-19 13:12:638 INFO  HomePage :68 - Getting login unsuccessful message : [[ChromeDriver: chrome on windows (2d19ff61ca337f90f9eafa74344475b9)] -> xpath: //div[@class='message-error validation-summary-errors']]
2023-12-19 13:12:966 INFO  HomePage :59 - Clicking on login link : [[ChromeDriver: chrome on windows (313b22d67e0dd088807df456e9c03be4)] -> xpath: //a[normalize-space()='Log in']]
2023-12-19 13:12:477 INFO  HomePage :48 - Entering email : [[ChromeDriver: chrome on windows (313b22d67e0dd088807df456e9c03be4)] -> id: Email]
2023-12-19 13:12:767 INFO  HomePage :54 - Entering password : [[ChromeDriver: chrome on windows (313b22d67e0dd088807df456e9c03be4)] -> name: Password]
2023-12-19 13:12:303 INFO  HomePage :64 - Clicking on login button : [[ChromeDriver: chrome on windows (313b22d67e0dd088807df456e9c03be4)] -> xpath: //button[normalize-space()='Log in']]
2023-12-19 13:12:837 INFO  LoginPage :53 - Logout link display : Proxy element for: DefaultElementLocator 'By.xpath: //a[normalize-space()='Log out']'
2023-12-19 13:12:636 INFO  LoginPage :39 - Clicking on computer page link : [[ChromeDriver: chrome on windows (dde3f5abf39fcf1a23d4e6ea93ee8106)] -> xpath: //ul[@class='top-menu notmobile']//a[normalize-space()='Computers']]
2023-12-19 13:12:817 INFO  LoginPage :25 - Getting Computers Text : [[ChromeDriver: chrome on windows (dde3f5abf39fcf1a23d4e6ea93ee8106)] -> xpath: //h1[normalize-space()='Computers']]
2023-12-19 13:12:476 INFO  LoginPage :39 - Clicking on computer page link : [[ChromeDriver: chrome on windows (ae3a4049d67e50c785e0aa600f59e37a)] -> xpath: //ul[@class='top-menu notmobile']//a[normalize-space()='Computers']]
2023-12-19 13:12:839 INFO  LoginPage :31 - Clicking On Desktops menu : [[ChromeDriver: chrome on windows (ae3a4049d67e50c785e0aa600f59e37a)] -> xpath: //li[@class='active last']//a[normalize-space()='Desktops']]
2023-12-19 13:12:906 INFO  LoginPage :26 - Getting Computers Text : [[ChromeDriver: chrome on windows (ae3a4049d67e50c785e0aa600f59e37a)] -> xpath: //h1[normalize-space()='Desktops']]
2023-12-19 13:12:336 INFO  LoginPage :39 - Clicking on computer page link : [[ChromeDriver: chrome on windows (5ce65c793c07ae58fcb70fd398fa6614)] -> xpath: //ul[@class='top-menu notmobile']//a[normalize-space()='Computers']]
2023-12-19 13:12:791 INFO  LoginPage :31 - Clicking On Desktops menu : [[ChromeDriver: chrome on windows (5ce65c793c07ae58fcb70fd398fa6614)] -> xpath: //li[@class='active last']//a[normalize-space()='Desktops']]
2023-12-19 13:12:794 INFO  LoginPage :32 - Clicking On Build Your Computer link : [[ChromeDriver: chrome on windows (5ce65c793c07ae58fcb70fd398fa6614)] -> xpath: //h2[@class='product-title']//a[normalize-space()='Build your own computer']]
2023-12-19 13:12:576 INFO  LoginPage :57 - Selecting processor of build your own computer : [[ChromeDriver: chrome on windows (5ce65c793c07ae58fcb70fd398fa6614)] -> id: product_attribute_1]
2023-12-19 13:12:881 INFO  LoginPage :63 - Selecting RAM of build your own computer : [[ChromeDriver: chrome on windows (5ce65c793c07ae58fcb70fd398fa6614)] -> id: product_attribute_2]
2023-12-19 13:12:713 INFO  LoginPage :99 - Clicking on add to cart button : [[ChromeDriver: chrome on windows (5ce65c793c07ae58fcb70fd398fa6614)] -> xpath: //button[@id='add-to-cart-button-1']]
2023-12-19 13:12:30 INFO  LoginPage :103 - Getting Add to cart success message : [[ChromeDriver: chrome on windows (5ce65c793c07ae58fcb70fd398fa6614)] -> xpath: //p[@class= 'content']]
2023-12-19 13:12:849 INFO  LoginPage :39 - Clicking on computer page link : [[ChromeDriver: chrome on windows (c76f9f7dd1a8503e15d9e9eddc276de3)] -> xpath: //ul[@class='top-menu notmobile']//a[normalize-space()='Computers']]
2023-12-19 13:12:97 INFO  LoginPage :31 - Clicking On Desktops menu : [[ChromeDriver: chrome on windows (c76f9f7dd1a8503e15d9e9eddc276de3)] -> xpath: //li[@class='active last']//a[normalize-space()='Desktops']]
2023-12-19 13:12:450 INFO  LoginPage :32 - Clicking On Build Your Computer link : [[ChromeDriver: chrome on windows (c76f9f7dd1a8503e15d9e9eddc276de3)] -> xpath: //h2[@class='product-title']//a[normalize-space()='Build your own computer']]
2023-12-19 13:12:751 INFO  LoginPage :57 - Selecting processor of build your own computer : [[ChromeDriver: chrome on windows (c76f9f7dd1a8503e15d9e9eddc276de3)] -> id: product_attribute_1]
2023-12-19 13:12:99 INFO  LoginPage :63 - Selecting RAM of build your own computer : [[ChromeDriver: chrome on windows (c76f9f7dd1a8503e15d9e9eddc276de3)] -> id: product_attribute_2]
2023-12-19 13:12:208 INFO  LoginPage :72 - Selecting HDDRadios of build your own computer : [[ChromeDriver: chrome on windows (c76f9f7dd1a8503e15d9e9eddc276de3)] -> xpath: //dd[@id='product_attribute_input_3']//li/label]
2023-12-19 13:12:492 INFO  LoginPage :83 - Selecting oSRadios of build your own computer : [[ChromeDriver: chrome on windows (c76f9f7dd1a8503e15d9e9eddc276de3)] -> xpath: //dd[@id='product_attribute_input_4']//li/label]
2023-12-19 13:12:744 INFO  LoginPage :93 - Selecting software of build your own computer : [[ChromeDriver: chrome on windows (c76f9f7dd1a8503e15d9e9eddc276de3)] -> xpath: //dd[@id='product_attribute_input_5']//li/label]
2023-12-19 13:12:94 INFO  LoginPage :99 - Clicking on add to cart button : [[ChromeDriver: chrome on windows (c76f9f7dd1a8503e15d9e9eddc276de3)] -> xpath: //button[@id='add-to-cart-button-1']]
2023-12-19 13:12:410 INFO  LoginPage :103 - Getting Add to cart success message : [[ChromeDriver: chrome on windows (c76f9f7dd1a8503e15d9e9eddc276de3)] -> xpath: //p[@class= 'content']]
2023-12-19 13:12:81 INFO  LoginPage :39 - Clicking on computer page link : [[ChromeDriver: chrome on windows (745eb475c95b3b6c93cb0e913f4208d2)] -> xpath: //ul[@class='top-menu notmobile']//a[normalize-space()='Computers']]
2023-12-19 13:12:453 INFO  LoginPage :31 - Clicking On Desktops menu : [[ChromeDriver: chrome on windows (745eb475c95b3b6c93cb0e913f4208d2)] -> xpath: //li[@class='active last']//a[normalize-space()='Desktops']]
2023-12-19 13:12:663 INFO  LoginPage :32 - Clicking On Build Your Computer link : [[ChromeDriver: chrome on windows (745eb475c95b3b6c93cb0e913f4208d2)] -> xpath: //h2[@class='product-title']//a[normalize-space()='Build your own computer']]
2023-12-19 13:12:11 INFO  LoginPage :57 - Selecting processor of build your own computer : [[ChromeDriver: chrome on windows (745eb475c95b3b6c93cb0e913f4208d2)] -> id: product_attribute_1]
2023-12-19 13:12:369 INFO  LoginPage :63 - Selecting RAM of build your own computer : [[ChromeDriver: chrome on windows (745eb475c95b3b6c93cb0e913f4208d2)] -> id: product_attribute_2]
2023-12-19 13:12:724 INFO  LoginPage :83 - Selecting oSRadios of build your own computer : [[ChromeDriver: chrome on windows (745eb475c95b3b6c93cb0e913f4208d2)] -> xpath: //dd[@id='product_attribute_input_4']//li/label]
2023-12-19 13:12:749 INFO  LoginPage :83 - Selecting oSRadios of build your own computer : [[ChromeDriver: chrome on windows (745eb475c95b3b6c93cb0e913f4208d2)] -> xpath: //dd[@id='product_attribute_input_4']//li/label]
2023-12-19 13:12:843 INFO  LoginPage :93 - Selecting software of build your own computer : [[ChromeDriver: chrome on windows (745eb475c95b3b6c93cb0e913f4208d2)] -> xpath: //dd[@id='product_attribute_input_5']//li/label]
2023-12-19 13:12:921 INFO  LoginPage :93 - Selecting software of build your own computer : [[ChromeDriver: chrome on windows (745eb475c95b3b6c93cb0e913f4208d2)] -> xpath: //dd[@id='product_attribute_input_5']//li/label]
2023-12-19 13:12:503 INFO  LoginPage :99 - Clicking on add to cart button : [[ChromeDriver: chrome on windows (745eb475c95b3b6c93cb0e913f4208d2)] -> xpath: //button[@id='add-to-cart-button-1']]
2023-12-19 13:12:822 INFO  LoginPage :103 - Getting Add to cart success message : [[ChromeDriver: chrome on windows (745eb475c95b3b6c93cb0e913f4208d2)] -> xpath: //p[@class= 'content']]
2023-12-19 13:12:359 INFO  HomePage :59 - Clicking on login link : [[ChromeDriver: chrome on windows (5b0cc819fcb8a038f01b225d9e973288)] -> xpath: //a[normalize-space()='Log in']]
2023-12-19 13:12:485 INFO  HomePage :42 - Getting welcome text : [[ChromeDriver: chrome on windows (5b0cc819fcb8a038f01b225d9e973288)] -> xpath: //h1[normalize-space()='Welcome, Please Sign In!']]
2023-12-19 13:12:456 INFO  HomePage :59 - Clicking on login link : [[ChromeDriver: chrome on windows (0b262537d9816e69a3a9bb213fadfd73)] -> xpath: //a[normalize-space()='Log in']]
2023-12-19 13:12:727 INFO  HomePage :48 - Entering email : [[ChromeDriver: chrome on windows (0b262537d9816e69a3a9bb213fadfd73)] -> id: Email]
2023-12-19 13:12:963 INFO  HomePage :54 - Entering password : [[ChromeDriver: chrome on windows (0b262537d9816e69a3a9bb213fadfd73)] -> name: Password]
2023-12-19 13:12:738 INFO  HomePage :64 - Clicking on login button : [[ChromeDriver: chrome on windows (0b262537d9816e69a3a9bb213fadfd73)] -> xpath: //button[normalize-space()='Log in']]
2023-12-19 13:12:905 INFO  HomePage :68 - Getting login unsuccessful message : [[ChromeDriver: chrome on windows (0b262537d9816e69a3a9bb213fadfd73)] -> xpath: //div[@class='message-error validation-summary-errors']]
2023-12-19 13:12:713 INFO  HomePage :59 - Clicking on login link : [[ChromeDriver: chrome on windows (4a312125f824486c18df147dc42b2b90)] -> xpath: //a[normalize-space()='Log in']]
2023-12-19 13:12:71 INFO  HomePage :48 - Entering email : [[ChromeDriver: chrome on windows (4a312125f824486c18df147dc42b2b90)] -> id: Email]
2023-12-19 13:12:260 INFO  HomePage :54 - Entering password : [[ChromeDriver: chrome on windows (4a312125f824486c18df147dc42b2b90)] -> name: Password]
2023-12-19 13:12:457 INFO  HomePage :64 - Clicking on login button : [[ChromeDriver: chrome on windows (4a312125f824486c18df147dc42b2b90)] -> xpath: //button[normalize-space()='Log in']]
2023-12-19 13:12:760 INFO  LoginPage :53 - Logout link display : [[ChromeDriver: chrome on windows (4a312125f824486c18df147dc42b2b90)] -> xpath: //a[normalize-space()='Log out']]
2023-12-19 13:12:986 INFO  HomePage :59 - Clicking on login link : [[ChromeDriver: chrome on windows (cc8a88b0ce0833c6841ea8222710417e)] -> xpath: //a[normalize-space()='Log in']]
2023-12-19 13:12:618 INFO  HomePage :48 - Entering email : [[ChromeDriver: chrome on windows (cc8a88b0ce0833c6841ea8222710417e)] -> id: Email]
2023-12-19 13:12:884 INFO  HomePage :54 - Entering password : [[ChromeDriver: chrome on windows (cc8a88b0ce0833c6841ea8222710417e)] -> name: Password]
2023-12-19 13:12:985 INFO  HomePage :64 - Clicking on login button : [[ChromeDriver: chrome on windows (cc8a88b0ce0833c6841ea8222710417e)] -> xpath: //button[normalize-space()='Log in']]
2023-12-19 13:12:423 INFO  LoginPage :49 - Click on logout link : [[ChromeDriver: chrome on windows (cc8a88b0ce0833c6841ea8222710417e)] -> xpath: //a[normalize-space()='Log out']]
2023-12-19 13:12:793 INFO  LoginPage :61 - Login link display : [[ChromeDriver: chrome on windows (cc8a88b0ce0833c6841ea8222710417e)] -> link text: Log in]
2023-12-19 13:12:477 INFO  LoginPage :69 - Clicking on register link : [[ChromeDriver: chrome on windows (daa91ba5db45818ac2e50417517cd5de)] -> link text: Register]
2023-12-19 13:12:541 INFO  RegisterPage :87 - Getting welcome message : [[ChromeDriver: chrome on windows (daa91ba5db45818ac2e50417517cd5de)] -> xpath: //h1[normalize-space()='Register']]
2023-12-19 13:12:245 INFO  LoginPage :69 - Clicking on register link : [[ChromeDriver: chrome on windows (7ca6bdb71b8d772bd93b767d74667e0a)] -> link text: Register]
2023-12-19 13:12:626 INFO  RegisterPage :118 - Clicking on register button : [[ChromeDriver: chrome on windows (7ca6bdb71b8d772bd93b767d74667e0a)] -> xpath: //button[@id='register-button']]
2023-12-19 13:12:681 INFO  RegisterPage :127 - Getting error message for firstname field : [[ChromeDriver: chrome on windows (7ca6bdb71b8d772bd93b767d74667e0a)] -> id: FirstName-error]
2023-12-19 13:12:772 INFO  RegisterPage :132 - Getting error message for lastname field : [[ChromeDriver: chrome on windows (7ca6bdb71b8d772bd93b767d74667e0a)] -> id: LastName-error]
2023-12-19 13:12:843 INFO  RegisterPage :137 - Getting error message for email field : [[ChromeDriver: chrome on windows (7ca6bdb71b8d772bd93b767d74667e0a)] -> id: Email-error]
2023-12-19 13:12:918 INFO  RegisterPage :142 - Getting error message for password field : [[ChromeDriver: chrome on windows (7ca6bdb71b8d772bd93b767d74667e0a)] -> id: Password-error]
2023-12-19 13:12:996 INFO  RegisterPage :147 - Getting error message for conform password field : [[ChromeDriver: chrome on windows (7ca6bdb71b8d772bd93b767d74667e0a)] -> id: ConfirmPassword-error]
2023-12-19 13:12:120 INFO  LoginPage :69 - Clicking on register link : [[ChromeDriver: chrome on windows (51e18d474ab64c34a71a802fd966010c)] -> link text: Register]
2023-12-19 13:12:595 INFO  RegisterPage :153 - Clicking on male radio button : [[ChromeDriver: chrome on windows (51e18d474ab64c34a71a802fd966010c)] -> id: gender-female]
2023-12-19 13:12:915 INFO  RegisterPage :93 - Sending text to firstname field : [[ChromeDriver: chrome on windows (51e18d474ab64c34a71a802fd966010c)] -> xpath: //input[@id='FirstName']]
2023-12-19 13:12:184 INFO  RegisterPage :98 - Sending text to lastname field : [[ChromeDriver: chrome on windows (51e18d474ab64c34a71a802fd966010c)] -> xpath: //input[@id='LastName']]
2023-12-19 13:12:639 INFO  RegisterPage :158 - Selecting day for DOB : [[ChromeDriver: chrome on windows (51e18d474ab64c34a71a802fd966010c)] -> xpath: //select[@name='DateOfBirthDay']]
2023-12-19 13:12:945 INFO  RegisterPage :163 - Selecting month for DOB : [[ChromeDriver: chrome on windows (51e18d474ab64c34a71a802fd966010c)] -> xpath: //select[@name='DateOfBirthMonth']]
2023-12-19 13:12:199 INFO  RegisterPage :168 - Selecting year for DOB : [[ChromeDriver: chrome on windows (51e18d474ab64c34a71a802fd966010c)] -> xpath: //select[@name='DateOfBirthYear']]
2023-12-19 13:12:454 INFO  RegisterPage :103 - Sending text to email field : [[ChromeDriver: chrome on windows (51e18d474ab64c34a71a802fd966010c)] -> xpath: //input[@id='Email']]
2023-12-19 13:12:654 INFO  RegisterPage :108 - Sending text to password field : [[ChromeDriver: chrome on windows (51e18d474ab64c34a71a802fd966010c)] -> xpath: //input[@id='Password']]
2023-12-19 13:12:843 INFO  RegisterPage :113 - Sending text to confirm password field : [[ChromeDriver: chrome on windows (51e18d474ab64c34a71a802fd966010c)] -> xpath: //input[@id='ConfirmPassword']]
2023-12-19 13:12:85 INFO  RegisterPage :118 - Clicking on register button : [[ChromeDriver: chrome on windows (51e18d474ab64c34a71a802fd966010c)] -> xpath: //button[@id='register-button']]
2023-12-19 13:12:285 INFO  RegisterPage :122 - Getting text from confirmation message : [[ChromeDriver: chrome on windows (51e18d474ab64c34a71a802fd966010c)] -> xpath: //div[@class='result']]
2023-12-19 18:12:421 INFO  LoginPage :39 - Clicking on computer page link : [[ChromeDriver: chrome on windows (2e67a79148a629763b6581754b1a2386)] -> xpath: //ul[@class='top-menu notmobile']//a[normalize-space()='Computers']]
2023-12-19 18:12:550 INFO  LoginPage :25 - Getting Computers Text : [[ChromeDriver: chrome on windows (2e67a79148a629763b6581754b1a2386)] -> xpath: //h1[normalize-space()='Computers']]
2023-12-19 18:12:847 INFO  LoginPage :39 - Clicking on computer page link : [[ChromeDriver: chrome on windows (e73f05f7c0bee209a537950e2a91b4a3)] -> xpath: //ul[@class='top-menu notmobile']//a[normalize-space()='Computers']]
2023-12-19 18:12:538 INFO  LoginPage :31 - Clicking On Desktops menu : [[ChromeDriver: chrome on windows (e73f05f7c0bee209a537950e2a91b4a3)] -> xpath: //li[@class='active last']//a[normalize-space()='Desktops']]
2023-12-19 18:12:599 INFO  LoginPage :26 - Getting Computers Text : [[ChromeDriver: chrome on windows (e73f05f7c0bee209a537950e2a91b4a3)] -> xpath: //h1[normalize-space()='Desktops']]
2023-12-19 18:12:196 INFO  LoginPage :39 - Clicking on computer page link : [[ChromeDriver: chrome on windows (0420a7a2006169bb23d1e244ce9549cb)] -> xpath: //ul[@class='top-menu notmobile']//a[normalize-space()='Computers']]
2023-12-19 18:12:891 INFO  LoginPage :31 - Clicking On Desktops menu : [[ChromeDriver: chrome on windows (0420a7a2006169bb23d1e244ce9549cb)] -> xpath: //li[@class='active last']//a[normalize-space()='Desktops']]
2023-12-19 18:12:842 INFO  LoginPage :32 - Clicking On Build Your Computer link : [[ChromeDriver: chrome on windows (0420a7a2006169bb23d1e244ce9549cb)] -> xpath: //h2[@class='product-title']//a[normalize-space()='Build your own computer']]
2023-12-19 18:12:920 INFO  LoginPage :57 - Selecting processor of build your own computer : [[ChromeDriver: chrome on windows (0420a7a2006169bb23d1e244ce9549cb)] -> id: product_attribute_1]
2023-12-19 18:12:362 INFO  LoginPage :63 - Selecting RAM of build your own computer : [[ChromeDriver: chrome on windows (0420a7a2006169bb23d1e244ce9549cb)] -> id: product_attribute_2]
2023-12-19 18:12:206 INFO  LoginPage :99 - Clicking on add to cart button : [[ChromeDriver: chrome on windows (0420a7a2006169bb23d1e244ce9549cb)] -> xpath: //button[@id='add-to-cart-button-1']]
2023-12-19 18:12:545 INFO  LoginPage :103 - Getting Add to cart success message : [[ChromeDriver: chrome on windows (0420a7a2006169bb23d1e244ce9549cb)] -> xpath: //p[@class= 'content']]
2023-12-19 18:12:242 INFO  LoginPage :39 - Clicking on computer page link : [[ChromeDriver: chrome on windows (a3a2f746d8c24ecb37036b1f78db4d60)] -> xpath: //ul[@class='top-menu notmobile']//a[normalize-space()='Computers']]
2023-12-19 18:12:601 INFO  LoginPage :31 - Clicking On Desktops menu : [[ChromeDriver: chrome on windows (a3a2f746d8c24ecb37036b1f78db4d60)] -> xpath: //li[@class='active last']//a[normalize-space()='Desktops']]
2023-12-19 18:12:678 INFO  LoginPage :32 - Clicking On Build Your Computer link : [[ChromeDriver: chrome on windows (a3a2f746d8c24ecb37036b1f78db4d60)] -> xpath: //h2[@class='product-title']//a[normalize-space()='Build your own computer']]
2023-12-19 18:12:827 INFO  LoginPage :57 - Selecting processor of build your own computer : [[ChromeDriver: chrome on windows (a3a2f746d8c24ecb37036b1f78db4d60)] -> id: product_attribute_1]
2023-12-19 18:12:66 INFO  LoginPage :63 - Selecting RAM of build your own computer : [[ChromeDriver: chrome on windows (a3a2f746d8c24ecb37036b1f78db4d60)] -> id: product_attribute_2]
2023-12-19 18:12:133 INFO  LoginPage :72 - Selecting HDDRadios of build your own computer : [[ChromeDriver: chrome on windows (a3a2f746d8c24ecb37036b1f78db4d60)] -> xpath: //dd[@id='product_attribute_input_3']//li/label]
2023-12-19 18:12:321 INFO  LoginPage :83 - Selecting oSRadios of build your own computer : [[ChromeDriver: chrome on windows (a3a2f746d8c24ecb37036b1f78db4d60)] -> xpath: //dd[@id='product_attribute_input_4']//li/label]
2023-12-19 18:12:477 INFO  LoginPage :93 - Selecting software of build your own computer : [[ChromeDriver: chrome on windows (a3a2f746d8c24ecb37036b1f78db4d60)] -> xpath: //dd[@id='product_attribute_input_5']//li/label]
2023-12-19 18:12:669 INFO  LoginPage :99 - Clicking on add to cart button : [[ChromeDriver: chrome on windows (a3a2f746d8c24ecb37036b1f78db4d60)] -> xpath: //button[@id='add-to-cart-button-1']]
2023-12-19 18:12:114 INFO  LoginPage :103 - Getting Add to cart success message : [[ChromeDriver: chrome on windows (a3a2f746d8c24ecb37036b1f78db4d60)] -> xpath: //p[@class= 'content']]
2023-12-19 18:12:483 INFO  LoginPage :39 - Clicking on computer page link : [[ChromeDriver: chrome on windows (0840ad9312bfd041d9b9ee2550d66dcb)] -> xpath: //ul[@class='top-menu notmobile']//a[normalize-space()='Computers']]
2023-12-19 18:12:222 INFO  LoginPage :31 - Clicking On Desktops menu : [[ChromeDriver: chrome on windows (0840ad9312bfd041d9b9ee2550d66dcb)] -> xpath: //li[@class='active last']//a[normalize-space()='Desktops']]
2023-12-19 18:12:253 INFO  LoginPage :32 - Clicking On Build Your Computer link : [[ChromeDriver: chrome on windows (0840ad9312bfd041d9b9ee2550d66dcb)] -> xpath: //h2[@class='product-title']//a[normalize-space()='Build your own computer']]
2023-12-19 18:12:740 INFO  LoginPage :57 - Selecting processor of build your own computer : [[ChromeDriver: chrome on windows (0840ad9312bfd041d9b9ee2550d66dcb)] -> id: product_attribute_1]
2023-12-19 18:12:402 INFO  LoginPage :63 - Selecting RAM of build your own computer : [[ChromeDriver: chrome on windows (0840ad9312bfd041d9b9ee2550d66dcb)] -> id: product_attribute_2]
2023-12-19 18:12:780 INFO  LoginPage :83 - Selecting oSRadios of build your own computer : [[ChromeDriver: chrome on windows (0840ad9312bfd041d9b9ee2550d66dcb)] -> xpath: //dd[@id='product_attribute_input_4']//li/label]
2023-12-19 18:12:809 INFO  LoginPage :83 - Selecting oSRadios of build your own computer : [[ChromeDriver: chrome on windows (0840ad9312bfd041d9b9ee2550d66dcb)] -> xpath: //dd[@id='product_attribute_input_4']//li/label]
2023-12-19 18:12:879 INFO  LoginPage :93 - Selecting software of build your own computer : [[ChromeDriver: chrome on windows (0840ad9312bfd041d9b9ee2550d66dcb)] -> xpath: //dd[@id='product_attribute_input_5']//li/label]
2023-12-19 18:12:899 INFO  LoginPage :93 - Selecting software of build your own computer : [[ChromeDriver: chrome on windows (0840ad9312bfd041d9b9ee2550d66dcb)] -> xpath: //dd[@id='product_attribute_input_5']//li/label]
2023-12-19 18:12:246 INFO  LoginPage :99 - Clicking on add to cart button : [[ChromeDriver: chrome on windows (0840ad9312bfd041d9b9ee2550d66dcb)] -> xpath: //button[@id='add-to-cart-button-1']]
2023-12-19 18:12:689 INFO  LoginPage :103 - Getting Add to cart success message : [[ChromeDriver: chrome on windows (0840ad9312bfd041d9b9ee2550d66dcb)] -> xpath: //p[@class= 'content']]
2023-12-19 18:12:122 INFO  HomePage :59 - Clicking on login link : [[ChromeDriver: chrome on windows (26392455d7ea348a472d25eab8a57f78)] -> xpath: //a[normalize-space()='Log in']]
2023-12-19 18:12:229 INFO  HomePage :42 - Getting welcome text : [[ChromeDriver: chrome on windows (26392455d7ea348a472d25eab8a57f78)] -> xpath: //h1[normalize-space()='Welcome, Please Sign In!']]
2023-12-19 18:12:796 INFO  HomePage :59 - Clicking on login link : [[ChromeDriver: chrome on windows (97152b0cd87c92453e92ad99b1c55136)] -> xpath: //a[normalize-space()='Log in']]
2023-12-19 18:12:79 INFO  HomePage :48 - Entering email : [[ChromeDriver: chrome on windows (97152b0cd87c92453e92ad99b1c55136)] -> id: Email]
2023-12-19 18:12:248 INFO  HomePage :54 - Entering password : [[ChromeDriver: chrome on windows (97152b0cd87c92453e92ad99b1c55136)] -> name: Password]
2023-12-19 18:12:924 INFO  HomePage :64 - Clicking on login button : [[ChromeDriver: chrome on windows (97152b0cd87c92453e92ad99b1c55136)] -> xpath: //button[normalize-space()='Log in']]
2023-12-19 18:12:100 INFO  HomePage :68 - Getting login unsuccessful message : [[ChromeDriver: chrome on windows (97152b0cd87c92453e92ad99b1c55136)] -> xpath: //div[@class='message-error validation-summary-errors']]
2023-12-19 18:12:434 INFO  HomePage :59 - Clicking on login link : [[ChromeDriver: chrome on windows (4de77c30d917ae2bde543160fecc924b)] -> xpath: //a[normalize-space()='Log in']]
2023-12-19 18:12:21 INFO  HomePage :48 - Entering email : [[ChromeDriver: chrome on windows (4de77c30d917ae2bde543160fecc924b)] -> id: Email]
2023-12-19 18:12:477 INFO  HomePage :54 - Entering password : [[ChromeDriver: chrome on windows (4de77c30d917ae2bde543160fecc924b)] -> name: Password]
2023-12-19 18:12:673 INFO  HomePage :64 - Clicking on login button : [[ChromeDriver: chrome on windows (4de77c30d917ae2bde543160fecc924b)] -> xpath: //button[normalize-space()='Log in']]
2023-12-19 18:12:861 INFO  LoginPage :53 - Logout link display : [[ChromeDriver: chrome on windows (4de77c30d917ae2bde543160fecc924b)] -> xpath: //a[normalize-space()='Log out']]
2023-12-19 18:12:169 INFO  HomePage :59 - Clicking on login link : [[ChromeDriver: chrome on windows (5f3aa9252ca072f9f56dafa4fdffc43b)] -> xpath: //a[normalize-space()='Log in']]
2023-12-19 18:12:349 INFO  HomePage :48 - Entering email : [[ChromeDriver: chrome on windows (5f3aa9252ca072f9f56dafa4fdffc43b)] -> id: Email]
2023-12-19 18:12:492 INFO  HomePage :54 - Entering password : [[ChromeDriver: chrome on windows (5f3aa9252ca072f9f56dafa4fdffc43b)] -> name: Password]
2023-12-19 18:12:343 INFO  HomePage :64 - Clicking on login button : [[ChromeDriver: chrome on windows (5f3aa9252ca072f9f56dafa4fdffc43b)] -> xpath: //button[normalize-space()='Log in']]
2023-12-19 18:12:283 INFO  LoginPage :49 - Click on logout link : [[ChromeDriver: chrome on windows (5f3aa9252ca072f9f56dafa4fdffc43b)] -> xpath: //a[normalize-space()='Log out']]
2023-12-19 18:12:376 INFO  LoginPage :61 - Login link display : [[ChromeDriver: chrome on windows (5f3aa9252ca072f9f56dafa4fdffc43b)] -> link text: Log in]
2023-12-19 18:12:714 INFO  LoginPage :69 - Clicking on register link : [[ChromeDriver: chrome on windows (7be1638f4c84f4c5cd319697c0702d86)] -> link text: Register]
2023-12-19 18:12:876 INFO  RegisterPage :87 - Getting welcome message : [[ChromeDriver: chrome on windows (7be1638f4c84f4c5cd319697c0702d86)] -> xpath: //h1[normalize-space()='Register']]
2023-12-19 18:12:20 INFO  LoginPage :69 - Clicking on register link : [[ChromeDriver: chrome on windows (986044a4e58e0061d7f8bb4dc5216c49)] -> link text: Register]
2023-12-19 18:12:837 INFO  RegisterPage :118 - Clicking on register button : [[ChromeDriver: chrome on windows (986044a4e58e0061d7f8bb4dc5216c49)] -> xpath: //button[@id='register-button']]
2023-12-19 18:12:880 INFO  RegisterPage :127 - Getting error message for firstname field : [[ChromeDriver: chrome on windows (986044a4e58e0061d7f8bb4dc5216c49)] -> id: FirstName-error]
2023-12-19 18:12:959 INFO  RegisterPage :132 - Getting error message for lastname field : [[ChromeDriver: chrome on windows (986044a4e58e0061d7f8bb4dc5216c49)] -> id: LastName-error]
2023-12-19 18:12:05 INFO  RegisterPage :137 - Getting error message for email field : [[ChromeDriver: chrome on windows (986044a4e58e0061d7f8bb4dc5216c49)] -> id: Email-error]
2023-12-19 18:12:57 INFO  RegisterPage :142 - Getting error message for password field : [[ChromeDriver: chrome on windows (986044a4e58e0061d7f8bb4dc5216c49)] -> id: Password-error]
2023-12-19 18:12:99 INFO  RegisterPage :147 - Getting error message for conform password field : [[ChromeDriver: chrome on windows (986044a4e58e0061d7f8bb4dc5216c49)] -> id: ConfirmPassword-error]
2023-12-19 18:12:188 INFO  LoginPage :69 - Clicking on register link : [[ChromeDriver: chrome on windows (fa0ea616174f3e0af538c2a298cdbaf2)] -> link text: Register]
2023-12-19 18:12:647 INFO  RegisterPage :153 - Clicking on male radio button : [[ChromeDriver: chrome on windows (fa0ea616174f3e0af538c2a298cdbaf2)] -> id: gender-female]
2023-12-19 18:12:41 INFO  RegisterPage :93 - Sending text to firstname field : [[ChromeDriver: chrome on windows (fa0ea616174f3e0af538c2a298cdbaf2)] -> xpath: //input[@id='FirstName']]
2023-12-19 18:12:305 INFO  RegisterPage :98 - Sending text to lastname field : [[ChromeDriver: chrome on windows (fa0ea616174f3e0af538c2a298cdbaf2)] -> xpath: //input[@id='LastName']]
2023-12-19 18:12:681 INFO  RegisterPage :158 - Selecting day for DOB : [[ChromeDriver: chrome on windows (fa0ea616174f3e0af538c2a298cdbaf2)] -> xpath: //select[@name='DateOfBirthDay']]
2023-12-19 18:12:46 INFO  RegisterPage :163 - Selecting month for DOB : [[ChromeDriver: chrome on windows (fa0ea616174f3e0af538c2a298cdbaf2)] -> xpath: //select[@name='DateOfBirthMonth']]
2023-12-19 18:12:254 INFO  RegisterPage :168 - Selecting year for DOB : [[ChromeDriver: chrome on windows (fa0ea616174f3e0af538c2a298cdbaf2)] -> xpath: //select[@name='DateOfBirthYear']]
2023-12-19 18:12:498 INFO  RegisterPage :103 - Sending text to email field : [[ChromeDriver: chrome on windows (fa0ea616174f3e0af538c2a298cdbaf2)] -> xpath: //input[@id='Email']]
2023-12-19 18:12:692 INFO  RegisterPage :108 - Sending text to password field : [[ChromeDriver: chrome on windows (fa0ea616174f3e0af538c2a298cdbaf2)] -> xpath: //input[@id='Password']]
2023-12-19 18:12:877 INFO  RegisterPage :113 - Sending text to confirm password field : [[ChromeDriver: chrome on windows (fa0ea616174f3e0af538c2a298cdbaf2)] -> xpath: //input[@id='ConfirmPassword']]
2023-12-19 18:12:265 INFO  RegisterPage :118 - Clicking on register button : [[ChromeDriver: chrome on windows (fa0ea616174f3e0af538c2a298cdbaf2)] -> xpath: //button[@id='register-button']]
2023-12-19 18:12:400 INFO  RegisterPage :122 - Getting text from confirmation message : [[ChromeDriver: chrome on windows (fa0ea616174f3e0af538c2a298cdbaf2)] -> xpath: //div[@class='result']]
